{"/Users/tomaszpluskiewicz/projects/zazuko/data-cube-curation/api/lib/env.ts": {"path":"/Users/tomaszpluskiewicz/projects/zazuko/data-cube-curation/api/lib/env.ts","statementMap":{"0":{"start":{"line":1,"column":0},"end":{"line":1,"column":null}},"1":{"start":{"line":3,"column":17},"end":{"line":3,"column":21}},"2":{"start":{"line":5,"column":4},"end":{"line":5,"column":11}},"3":{"start":{"line":9,"column":16},"end":{"line":9,"column":null}},"4":{"start":{"line":11,"column":4},"end":{"line":13,"column":null}},"5":{"start":{"line":12,"column":6},"end":{"line":12,"column":13}},"6":{"start":{"line":15,"column":18},"end":{"line":15,"column":22}},"7":{"start":{"line":17,"column":4},"end":{"line":20,"column":null}},"8":{"start":{"line":18,"column":6},"end":{"line":18,"column":14}},"9":{"start":{"line":19,"column":6},"end":{"line":19,"column":13}},"10":{"start":{"line":22,"column":4},"end":{"line":22,"column":11}},"11":{"start":{"line":26,"column":0},"end":{"line":26,"column":15}}},"fnMap":{"0":{"name":"(anonymous_0)","decl":{"start":{"line":4,"column":2},"end":{"line":4,"column":5}},"loc":{"start":{"line":4,"column":48},"end":{"line":6,"column":null}}},"1":{"name":"(anonymous_1)","decl":{"start":{"line":10,"column":2},"end":{"line":10,"column":5}},"loc":{"start":{"line":10,"column":48},"end":{"line":23,"column":null}}}},"branchMap":{"0":{"loc":{"start":{"line":11,"column":4},"end":{"line":13,"column":null}},"type":"if","locations":[{"start":{"line":11,"column":4},"end":{"line":13,"column":null}},{"start":{"line":11,"column":4},"end":{"line":13,"column":null}}]},"1":{"loc":{"start":{"line":17,"column":4},"end":{"line":20,"column":null}},"type":"if","locations":[{"start":{"line":17,"column":4},"end":{"line":20,"column":null}},{"start":{"line":17,"column":4},"end":{"line":20,"column":null}}]},"2":{"loc":{"start":{"line":17,"column":8},"end":{"line":17,"column":18}},"type":"binary-expr","locations":[{"start":{"line":17,"column":8},"end":{"line":17,"column":18}},{"start":{"line":17,"column":18},"end":{"line":17,"column":57}}]}},"s":{"0":10,"1":10,"2":9,"3":10,"4":65,"5":9,"6":56,"7":56,"8":0,"9":0,"10":56,"11":10},"f":{"0":9,"1":65},"b":{"0":[9,56],"1":[0,56],"2":[56,19]}}
,"/Users/tomaszpluskiewicz/projects/zazuko/data-cube-curation/api/lib/log.ts": {"path":"/Users/tomaszpluskiewicz/projects/zazuko/data-cube-curation/api/lib/log.ts","statementMap":{"0":{"start":{"line":1,"column":0},"end":{"line":1,"column":null}},"1":{"start":{"line":3,"column":13},"end":{"line":3,"column":19}},"2":{"start":{"line":4,"column":13},"end":{"line":4,"column":23}},"3":{"start":{"line":5,"column":13},"end":{"line":5,"column":21}}},"fnMap":{},"branchMap":{},"s":{"0":11,"1":11,"2":11,"3":11},"f":{},"b":{}}
,"/Users/tomaszpluskiewicz/projects/zazuko/data-cube-curation/api/lib/namespaces.ts": {"path":"/Users/tomaszpluskiewicz/projects/zazuko/data-cube-curation/api/lib/namespaces.ts","statementMap":{"0":{"start":{"line":1,"column":0},"end":{"line":1,"column":null}},"1":{"start":{"line":2,"column":0},"end":{"line":2,"column":null}},"2":{"start":{"line":4,"column":0},"end":{"line":4,"column":9}},"3":{"start":{"line":6,"column":13},"end":{"line":6,"column":19}},"4":{"start":{"line":7,"column":13},"end":{"line":7,"column":20}},"5":{"start":{"line":8,"column":13},"end":{"line":8,"column":21}},"6":{"start":{"line":9,"column":13},"end":{"line":9,"column":20}},"7":{"start":{"line":10,"column":13},"end":{"line":10,"column":19}},"8":{"start":{"line":11,"column":13},"end":{"line":11,"column":22}},"9":{"start":{"line":12,"column":13},"end":{"line":12,"column":21}},"10":{"start":{"line":13,"column":13},"end":{"line":13,"column":18}},"11":{"start":{"line":14,"column":13},"end":{"line":14,"column":19}},"12":{"start":{"line":15,"column":13},"end":{"line":15,"column":24}},"13":{"start":{"line":16,"column":13},"end":{"line":16,"column":24}}},"fnMap":{},"branchMap":{},"s":{"0":13,"1":13,"2":13,"3":13,"4":13,"5":13,"6":13,"7":13,"8":13,"9":13,"10":13,"11":13,"12":13,"13":13},"f":{},"b":{}}
,"/Users/tomaszpluskiewicz/projects/zazuko/data-cube-curation/api/lib/__tests-helpers__/index.ts": {"path":"/Users/tomaszpluskiewicz/projects/zazuko/data-cube-curation/api/lib/__tests-helpers__/index.ts","statementMap":{"0":{"start":{"line":1,"column":0},"end":{"line":1,"column":null}},"1":{"start":{"line":2,"column":0},"end":{"line":2,"column":null}},"2":{"start":{"line":3,"column":0},"end":{"line":3,"column":null}},"3":{"start":{"line":4,"column":0},"end":{"line":4,"column":null}},"4":{"start":{"line":7,"column":15},"end":{"line":7,"column":19}},"5":{"start":{"line":10,"column":2},"end":{"line":10,"column":9}},"6":{"start":{"line":11,"column":20},"end":{"line":11,"column":24}},"7":{"start":{"line":12,"column":19},"end":{"line":12,"column":34}},"8":{"start":{"line":19,"column":4},"end":{"line":19,"column":11}},"9":{"start":{"line":9,"column":0},"end":{"line":9,"column":16}},"10":{"start":{"line":24,"column":2},"end":{"line":24,"column":9}},"11":{"start":{"line":25,"column":37},"end":{"line":25,"column":null}},"12":{"start":{"line":23,"column":0},"end":{"line":23,"column":16}}},"fnMap":{"0":{"name":"parseGraph","decl":{"start":{"line":9,"column":16},"end":{"line":9,"column":28}},"loc":{"start":{"line":9,"column":44},"end":{"line":21,"column":null}}},"1":{"name":"(anonymous_2)","decl":{"start":{"line":10,"column":9},"end":{"line":10,"column":20}},"loc":{"start":{"line":10,"column":20},"end":{"line":20,"column":null}}},"2":{"name":"fakeDomainEventEmitter","decl":{"start":{"line":23,"column":16},"end":{"line":23,"column":40}},"loc":{"start":{"line":23,"column":54},"end":{"line":28,"column":null}}},"3":{"name":"(anonymous_4)","decl":{"start":{"line":25,"column":31},"end":{"line":25,"column":37}},"loc":{"start":{"line":25,"column":37},"end":{"line":25,"column":null}}}},"branchMap":{"0":{"loc":{"start":{"line":23,"column":45},"end":{"line":23,"column":49}},"type":"default-arg","locations":[{"start":{"line":23,"column":45},"end":{"line":23,"column":49}}]}},"s":{"0":6,"1":6,"2":6,"3":6,"4":6,"5":15,"6":17,"7":17,"8":17,"9":6,"10":14,"11":21,"12":6},"f":{"0":15,"1":17,"2":14,"3":21},"b":{"0":[1]}}
,"/Users/tomaszpluskiewicz/projects/zazuko/data-cube-curation/api/lib/domain/error-helper.ts": {"path":"/Users/tomaszpluskiewicz/projects/zazuko/data-cube-curation/api/lib/domain/error-helper.ts","statementMap":{"0":{"start":{"line":1,"column":0},"end":{"line":1,"column":null}},"1":{"start":{"line":4,"column":2},"end":{"line":4,"column":9}},"2":{"start":{"line":6,"column":6},"end":{"line":6,"column":12}},"3":{"start":{"line":3,"column":0},"end":{"line":3,"column":16}}},"fnMap":{"0":{"name":"errorFactory","decl":{"start":{"line":3,"column":16},"end":{"line":3,"column":30}},"loc":{"start":{"line":3,"column":59},"end":{"line":9,"column":null}}},"1":{"name":"(anonymous_1)","decl":{"start":{"line":5,"column":4},"end":{"line":5,"column":24}},"loc":{"start":{"line":5,"column":43},"end":{"line":7,"column":null}}}},"branchMap":{},"s":{"0":8,"1":36,"2":17,"3":8},"f":{"0":36,"1":17},"b":{}}
,"/Users/tomaszpluskiewicz/projects/zazuko/data-cube-curation/api/lib/domain/attribute/events.ts": {"path":"/Users/tomaszpluskiewicz/projects/zazuko/data-cube-curation/api/lib/domain/attribute/events.ts","statementMap":{"0":{"start":{"line":1,"column":0},"end":{"line":1,"column":null}},"1":{"start":{"line":26,"column":0},"end":{"line":26,"column":15}}},"fnMap":{},"branchMap":{},"s":{"0":2,"1":2},"f":{},"b":{}}
,"/Users/tomaszpluskiewicz/projects/zazuko/data-cube-curation/api/lib/domain/project/archiveProject.ts": {"path":"/Users/tomaszpluskiewicz/projects/zazuko/data-cube-curation/api/lib/domain/project/archiveProject.ts","statementMap":{"0":{"start":{"line":1,"column":0},"end":{"line":1,"column":null}},"1":{"start":{"line":5,"column":13},"end":{"line":5,"column":30}},"2":{"start":{"line":6,"column":2},"end":{"line":8,"column":null}},"3":{"start":{"line":7,"column":4},"end":{"line":7,"column":11}},"4":{"start":{"line":10,"column":2},"end":{"line":10,"column":9}}},"fnMap":{"0":{"name":"(anonymous_0)","decl":{"start":{"line":5,"column":68},"end":{"line":5,"column":78}},"loc":{"start":{"line":5,"column":97},"end":{"line":14,"column":null}}}},"branchMap":{"0":{"loc":{"start":{"line":6,"column":2},"end":{"line":8,"column":null}},"type":"if","locations":[{"start":{"line":6,"column":2},"end":{"line":8,"column":null}},{"start":{"line":6,"column":2},"end":{"line":8,"column":null}}]}},"s":{"0":2,"1":2,"2":0,"3":0,"4":0},"f":{"0":0},"b":{"0":[0,0]}}
,"/Users/tomaszpluskiewicz/projects/zazuko/data-cube-curation/api/lib/domain/project/baseUri.ts": {"path":"/Users/tomaszpluskiewicz/projects/zazuko/data-cube-curation/api/lib/domain/project/baseUri.ts","statementMap":{"0":{"start":{"line":1,"column":0},"end":{"line":1,"column":null}},"1":{"start":{"line":2,"column":0},"end":{"line":2,"column":null}},"2":{"start":{"line":4,"column":13},"end":{"line":4,"column":28}},"3":{"start":{"line":4,"column":46},"end":{"line":4,"column":null}},"4":{"start":{"line":6,"column":13},"end":{"line":6,"column":27}},"5":{"start":{"line":7,"column":2},"end":{"line":11,"column":null}},"6":{"start":{"line":8,"column":4},"end":{"line":10,"column":null}},"7":{"start":{"line":9,"column":6},"end":{"line":9,"column":13}},"8":{"start":{"line":13,"column":2},"end":{"line":13,"column":9}}},"fnMap":{"0":{"name":"(anonymous_1)","decl":{"start":{"line":4,"column":29},"end":{"line":4,"column":46}},"loc":{"start":{"line":4,"column":46},"end":{"line":4,"column":null}}},"1":{"name":"(anonymous_2)","decl":{"start":{"line":6,"column":52},"end":{"line":6,"column":113}},"loc":{"start":{"line":6,"column":113},"end":{"line":14,"column":null}}}},"branchMap":{"0":{"loc":{"start":{"line":7,"column":2},"end":{"line":11,"column":null}},"type":"if","locations":[{"start":{"line":7,"column":2},"end":{"line":11,"column":null}},{"start":{"line":7,"column":2},"end":{"line":11,"column":null}}]}},"s":{"0":5,"1":5,"2":5,"3":2,"4":5,"5":14,"6":12,"7":12,"8":2},"f":{"0":2,"1":14},"b":{"0":[12,2]}}
,"/Users/tomaszpluskiewicz/projects/zazuko/data-cube-curation/api/lib/domain/project/createDimensionTable.ts": {"path":"/Users/tomaszpluskiewicz/projects/zazuko/data-cube-curation/api/lib/domain/project/createDimensionTable.ts","statementMap":{"0":{"start":{"line":1,"column":0},"end":{"line":1,"column":null}},"1":{"start":{"line":2,"column":0},"end":{"line":2,"column":null}},"2":{"start":{"line":5,"column":0},"end":{"line":5,"column":null}},"3":{"start":{"line":8,"column":0},"end":{"line":8,"column":null}},"4":{"start":{"line":9,"column":0},"end":{"line":9,"column":null}},"5":{"start":{"line":16,"column":13},"end":{"line":16,"column":33}},"6":{"start":{"line":17,"column":22},"end":{"line":17,"column":35}},"7":{"start":{"line":18,"column":2},"end":{"line":20,"column":null}},"8":{"start":{"line":19,"column":4},"end":{"line":19,"column":10}},"9":{"start":{"line":21,"column":2},"end":{"line":23,"column":null}},"10":{"start":{"line":22,"column":4},"end":{"line":22,"column":10}},"11":{"start":{"line":24,"column":2},"end":{"line":26,"column":null}},"12":{"start":{"line":25,"column":4},"end":{"line":25,"column":10}},"13":{"start":{"line":28,"column":18},"end":{"line":28,"column":39}},"14":{"start":{"line":29,"column":2},"end":{"line":31,"column":null}},"15":{"start":{"line":30,"column":4},"end":{"line":30,"column":10}},"16":{"start":{"line":33,"column":18},"end":{"line":33,"column":null}},"17":{"start":{"line":35,"column":32},"end":{"line":35,"column":null}},"18":{"start":{"line":44,"column":2},"end":{"line":44,"column":9}},"19":{"start":{"line":46,"column":2},"end":{"line":46,"column":9}}},"fnMap":{"0":{"name":"(anonymous_1)","decl":{"start":{"line":16,"column":101},"end":{"line":16,"column":108}},"loc":{"start":{"line":16,"column":133},"end":{"line":47,"column":null}}}},"branchMap":{"0":{"loc":{"start":{"line":18,"column":2},"end":{"line":20,"column":null}},"type":"if","locations":[{"start":{"line":18,"column":2},"end":{"line":20,"column":null}},{"start":{"line":18,"column":2},"end":{"line":20,"column":null}}]},"1":{"loc":{"start":{"line":21,"column":2},"end":{"line":23,"column":null}},"type":"if","locations":[{"start":{"line":21,"column":2},"end":{"line":23,"column":null}},{"start":{"line":21,"column":2},"end":{"line":23,"column":null}}]},"2":{"loc":{"start":{"line":24,"column":2},"end":{"line":26,"column":null}},"type":"if","locations":[{"start":{"line":24,"column":2},"end":{"line":26,"column":null}},{"start":{"line":24,"column":2},"end":{"line":26,"column":null}}]},"3":{"loc":{"start":{"line":29,"column":2},"end":{"line":31,"column":null}},"type":"if","locations":[{"start":{"line":29,"column":2},"end":{"line":31,"column":null}},{"start":{"line":29,"column":2},"end":{"line":31,"column":null}}]}},"s":{"0":3,"1":3,"2":3,"3":3,"4":3,"5":3,"6":6,"7":6,"8":1,"9":5,"10":0,"11":5,"12":1,"13":4,"14":4,"15":1,"16":3,"17":3,"18":3,"19":3},"f":{"0":6},"b":{"0":[1,5],"1":[0,5],"2":[1,4],"3":[1,3]}}
,"/Users/tomaszpluskiewicz/projects/zazuko/data-cube-curation/api/lib/domain/project/createFactTable.ts": {"path":"/Users/tomaszpluskiewicz/projects/zazuko/data-cube-curation/api/lib/domain/project/createFactTable.ts","statementMap":{"0":{"start":{"line":1,"column":0},"end":{"line":1,"column":null}},"1":{"start":{"line":4,"column":0},"end":{"line":4,"column":null}},"2":{"start":{"line":5,"column":0},"end":{"line":5,"column":null}},"3":{"start":{"line":13,"column":13},"end":{"line":13,"column":37}},"4":{"start":{"line":14,"column":22},"end":{"line":14,"column":35}},"5":{"start":{"line":16,"column":2},"end":{"line":18,"column":null}},"6":{"start":{"line":17,"column":4},"end":{"line":17,"column":10}},"7":{"start":{"line":20,"column":17},"end":{"line":20,"column":31}},"8":{"start":{"line":20,"column":65},"end":{"line":20,"column":null}},"9":{"start":{"line":21,"column":2},"end":{"line":23,"column":null}},"10":{"start":{"line":22,"column":4},"end":{"line":22,"column":10}},"11":{"start":{"line":24,"column":2},"end":{"line":26,"column":null}},"12":{"start":{"line":25,"column":4},"end":{"line":25,"column":10}},"13":{"start":{"line":28,"column":2},"end":{"line":28,"column":9}},"14":{"start":{"line":34,"column":2},"end":{"line":34,"column":9}}},"fnMap":{"0":{"name":"(anonymous_0)","decl":{"start":{"line":13,"column":82},"end":{"line":13,"column":89}},"loc":{"start":{"line":13,"column":118},"end":{"line":38,"column":null}}},"1":{"name":"(anonymous_1)","decl":{"start":{"line":20,"column":59},"end":{"line":20,"column":61}},"loc":{"start":{"line":20,"column":65},"end":{"line":20,"column":null}}}},"branchMap":{"0":{"loc":{"start":{"line":16,"column":2},"end":{"line":18,"column":null}},"type":"if","locations":[{"start":{"line":16,"column":2},"end":{"line":18,"column":null}},{"start":{"line":16,"column":2},"end":{"line":18,"column":null}}]},"1":{"loc":{"start":{"line":21,"column":2},"end":{"line":23,"column":null}},"type":"if","locations":[{"start":{"line":21,"column":2},"end":{"line":23,"column":null}},{"start":{"line":21,"column":2},"end":{"line":23,"column":null}}]},"2":{"loc":{"start":{"line":24,"column":2},"end":{"line":26,"column":null}},"type":"if","locations":[{"start":{"line":24,"column":2},"end":{"line":26,"column":null}},{"start":{"line":24,"column":2},"end":{"line":26,"column":null}}]}},"s":{"0":2,"1":2,"2":2,"3":2,"4":0,"5":0,"6":0,"7":0,"8":0,"9":0,"10":0,"11":0,"12":0,"13":0,"14":0},"f":{"0":0,"1":0},"b":{"0":[0,0],"1":[0,0],"2":[0,0]}}
,"/Users/tomaszpluskiewicz/projects/zazuko/data-cube-curation/api/lib/domain/project/createProject.ts": {"path":"/Users/tomaszpluskiewicz/projects/zazuko/data-cube-curation/api/lib/domain/project/createProject.ts","statementMap":{"0":{"start":{"line":1,"column":0},"end":{"line":1,"column":null}},"1":{"start":{"line":2,"column":0},"end":{"line":2,"column":null}},"2":{"start":{"line":5,"column":0},"end":{"line":5,"column":null}},"3":{"start":{"line":15,"column":13},"end":{"line":15,"column":29}},"4":{"start":{"line":16,"column":2},"end":{"line":18,"column":null}},"5":{"start":{"line":17,"column":4},"end":{"line":17,"column":10}},"6":{"start":{"line":20,"column":18},"end":{"line":20,"column":69}},"7":{"start":{"line":21,"column":19},"end":{"line":21,"column":null}},"8":{"start":{"line":22,"column":2},"end":{"line":22,"column":9}},"9":{"start":{"line":29,"column":2},"end":{"line":29,"column":9}}},"fnMap":{"0":{"name":"(anonymous_1)","decl":{"start":{"line":15,"column":79},"end":{"line":15,"column":89}},"loc":{"start":{"line":15,"column":111},"end":{"line":38,"column":null}}}},"branchMap":{"0":{"loc":{"start":{"line":16,"column":2},"end":{"line":18,"column":null}},"type":"if","locations":[{"start":{"line":16,"column":2},"end":{"line":18,"column":null}},{"start":{"line":16,"column":2},"end":{"line":18,"column":null}}]},"1":{"loc":{"start":{"line":16,"column":6},"end":{"line":16,"column":29}},"type":"binary-expr","locations":[{"start":{"line":16,"column":6},"end":{"line":16,"column":29}},{"start":{"line":16,"column":29},"end":{"line":16,"column":69}}]},"2":{"loc":{"start":{"line":20,"column":18},"end":{"line":20,"column":30}},"type":"binary-expr","locations":[{"start":{"line":20,"column":18},"end":{"line":20,"column":30}},{"start":{"line":20,"column":56},"end":{"line":20,"column":69}}]},"3":{"loc":{"start":{"line":21,"column":19},"end":{"line":21,"column":45}},"type":"binary-expr","locations":[{"start":{"line":21,"column":19},"end":{"line":21,"column":45}},{"start":{"line":21,"column":45},"end":{"line":21,"column":null}}]},"4":{"loc":{"start":{"line":30,"column":23},"end":{"line":30,"column":48}},"type":"binary-expr","locations":[{"start":{"line":30,"column":23},"end":{"line":30,"column":48}},{"start":{"line":30,"column":48},"end":{"line":30,"column":54}}]}},"s":{"0":3,"1":3,"2":3,"3":3,"4":4,"5":1,"6":3,"7":3,"8":3,"9":3},"f":{"0":4},"b":{"0":[1,3],"1":[4,4],"2":[3,2],"3":[3,3],"4":[3,2]}}
,"/Users/tomaszpluskiewicz/projects/zazuko/data-cube-curation/api/lib/domain/project/createSource.ts": {"path":"/Users/tomaszpluskiewicz/projects/zazuko/data-cube-curation/api/lib/domain/project/createSource.ts","statementMap":{"0":{"start":{"line":1,"column":0},"end":{"line":1,"column":null}},"1":{"start":{"line":2,"column":0},"end":{"line":2,"column":null}},"2":{"start":{"line":3,"column":0},"end":{"line":3,"column":null}},"3":{"start":{"line":21,"column":2},"end":{"line":23,"column":null}},"4":{"start":{"line":22,"column":4},"end":{"line":22,"column":11}},"5":{"start":{"line":25,"column":2},"end":{"line":25,"column":9}},"6":{"start":{"line":28,"column":13},"end":{"line":28,"column":28}},"7":{"start":{"line":29,"column":2},"end":{"line":31,"column":null}},"8":{"start":{"line":29,"column":37},"end":{"line":29,"column":71}},"9":{"start":{"line":30,"column":4},"end":{"line":30,"column":10}},"10":{"start":{"line":33,"column":19},"end":{"line":33,"column":null}},"11":{"start":{"line":35,"column":20},"end":{"line":35,"column":35}},"12":{"start":{"line":36,"column":16},"end":{"line":36,"column":31}},"13":{"start":{"line":38,"column":2},"end":{"line":38,"column":9}},"14":{"start":{"line":47,"column":2},"end":{"line":47,"column":9}}},"fnMap":{"0":{"name":"valueOrDefault","decl":{"start":{"line":20,"column":9},"end":{"line":20,"column":25}},"loc":{"start":{"line":20,"column":79},"end":{"line":26,"column":null}}},"1":{"name":"(anonymous_2)","decl":{"start":{"line":28,"column":88},"end":{"line":28,"column":98}},"loc":{"start":{"line":28,"column":123},"end":{"line":57,"column":null}}},"2":{"name":"(anonymous_3)","decl":{"start":{"line":29,"column":27},"end":{"line":29,"column":33}},"loc":{"start":{"line":29,"column":37},"end":{"line":29,"column":71}}}},"branchMap":{"0":{"loc":{"start":{"line":21,"column":2},"end":{"line":23,"column":null}},"type":"if","locations":[{"start":{"line":21,"column":2},"end":{"line":23,"column":null}},{"start":{"line":21,"column":2},"end":{"line":23,"column":null}}]},"1":{"loc":{"start":{"line":29,"column":2},"end":{"line":31,"column":null}},"type":"if","locations":[{"start":{"line":29,"column":2},"end":{"line":31,"column":null}},{"start":{"line":29,"column":2},"end":{"line":31,"column":null}}]},"2":{"loc":{"start":{"line":29,"column":37},"end":{"line":29,"column":48}},"type":"binary-expr","locations":[{"start":{"line":29,"column":37},"end":{"line":29,"column":48}},{"start":{"line":29,"column":48},"end":{"line":29,"column":71}}]}},"s":{"0":3,"1":3,"2":3,"3":0,"4":0,"5":0,"6":3,"7":3,"8":9,"9":3,"10":0,"11":0,"12":0,"13":0,"14":0},"f":{"0":0,"1":3,"2":9},"b":{"0":[0,0],"1":[3,0],"2":[9,7]}}
,"/Users/tomaszpluskiewicz/projects/zazuko/data-cube-curation/api/lib/domain/project/events.ts": {"path":"/Users/tomaszpluskiewicz/projects/zazuko/data-cube-curation/api/lib/domain/project/events.ts","statementMap":{"0":{"start":{"line":1,"column":0},"end":{"line":1,"column":null}},"1":{"start":{"line":33,"column":0},"end":{"line":33,"column":15}}},"fnMap":{},"branchMap":{},"s":{"0":2,"1":2},"f":{},"b":{}}
,"/Users/tomaszpluskiewicz/projects/zazuko/data-cube-curation/api/lib/domain/project/index.ts": {"path":"/Users/tomaszpluskiewicz/projects/zazuko/data-cube-curation/api/lib/domain/project/index.ts","statementMap":{"0":{"start":{"line":3,"column":0},"end":{"line":3,"column":9}},"1":{"start":{"line":3,"column":9},"end":{"line":3,"column":null}},"2":{"start":{"line":4,"column":0},"end":{"line":4,"column":9}},"3":{"start":{"line":4,"column":9},"end":{"line":4,"column":null}},"4":{"start":{"line":5,"column":0},"end":{"line":5,"column":9}},"5":{"start":{"line":5,"column":9},"end":{"line":5,"column":null}},"6":{"start":{"line":16,"column":0},"end":{"line":16,"column":9}},"7":{"start":{"line":16,"column":9},"end":{"line":16,"column":null}},"8":{"start":{"line":17,"column":0},"end":{"line":17,"column":9}},"9":{"start":{"line":17,"column":9},"end":{"line":17,"column":null}},"10":{"start":{"line":18,"column":0},"end":{"line":18,"column":9}},"11":{"start":{"line":18,"column":9},"end":{"line":18,"column":null}},"12":{"start":{"line":19,"column":0},"end":{"line":19,"column":9}},"13":{"start":{"line":19,"column":9},"end":{"line":19,"column":null}}},"fnMap":{},"branchMap":{},"s":{"0":2,"1":2,"2":2,"3":2,"4":2,"5":2,"6":2,"7":2,"8":2,"9":2,"10":2,"11":2,"12":2,"13":2},"f":{},"b":{}}
,"/Users/tomaszpluskiewicz/projects/zazuko/data-cube-curation/api/lib/domain/project/unselectFactTable.ts": {"path":"/Users/tomaszpluskiewicz/projects/zazuko/data-cube-curation/api/lib/domain/project/unselectFactTable.ts","statementMap":{"0":{"start":{"line":1,"column":0},"end":{"line":1,"column":null}},"1":{"start":{"line":5,"column":13},"end":{"line":5,"column":33}},"2":{"start":{"line":6,"column":2},"end":{"line":8,"column":null}},"3":{"start":{"line":7,"column":4},"end":{"line":7,"column":10}},"4":{"start":{"line":10,"column":2},"end":{"line":10,"column":9}},"5":{"start":{"line":14,"column":2},"end":{"line":14,"column":9}}},"fnMap":{"0":{"name":"(anonymous_0)","decl":{"start":{"line":5,"column":71},"end":{"line":5,"column":72}},"loc":{"start":{"line":5,"column":95},"end":{"line":18,"column":null}}}},"branchMap":{"0":{"loc":{"start":{"line":6,"column":2},"end":{"line":8,"column":null}},"type":"if","locations":[{"start":{"line":6,"column":2},"end":{"line":8,"column":null}},{"start":{"line":6,"column":2},"end":{"line":8,"column":null}}]}},"s":{"0":2,"1":2,"2":0,"3":0,"4":0,"5":0},"f":{"0":0},"b":{"0":[0,0]}}
,"/Users/tomaszpluskiewicz/projects/zazuko/data-cube-curation/api/lib/domain/project/updateProject.ts": {"path":"/Users/tomaszpluskiewicz/projects/zazuko/data-cube-curation/api/lib/domain/project/updateProject.ts","statementMap":{"0":{"start":{"line":1,"column":0},"end":{"line":1,"column":null}},"1":{"start":{"line":4,"column":0},"end":{"line":4,"column":null}},"2":{"start":{"line":5,"column":0},"end":{"line":5,"column":null}},"3":{"start":{"line":14,"column":13},"end":{"line":14,"column":29}},"4":{"start":{"line":15,"column":22},"end":{"line":15,"column":35}},"5":{"start":{"line":17,"column":2},"end":{"line":19,"column":null}},"6":{"start":{"line":18,"column":4},"end":{"line":18,"column":10}},"7":{"start":{"line":21,"column":2},"end":{"line":23,"column":null}},"8":{"start":{"line":22,"column":4},"end":{"line":22,"column":10}},"9":{"start":{"line":25,"column":18},"end":{"line":25,"column":30}},"10":{"start":{"line":26,"column":19},"end":{"line":26,"column":null}},"11":{"start":{"line":27,"column":19},"end":{"line":27,"column":null}},"12":{"start":{"line":29,"column":2},"end":{"line":33,"column":null}},"13":{"start":{"line":30,"column":4},"end":{"line":30,"column":11}},"14":{"start":{"line":34,"column":2},"end":{"line":38,"column":null}},"15":{"start":{"line":35,"column":4},"end":{"line":35,"column":11}},"16":{"start":{"line":39,"column":2},"end":{"line":43,"column":null}},"17":{"start":{"line":40,"column":4},"end":{"line":40,"column":11}},"18":{"start":{"line":44,"column":2},"end":{"line":48,"column":null}},"19":{"start":{"line":45,"column":4},"end":{"line":45,"column":11}},"20":{"start":{"line":50,"column":2},"end":{"line":50,"column":9}}},"fnMap":{"0":{"name":"(anonymous_0)","decl":{"start":{"line":14,"column":75},"end":{"line":14,"column":85}},"loc":{"start":{"line":14,"column":108},"end":{"line":57,"column":null}}}},"branchMap":{"0":{"loc":{"start":{"line":17,"column":2},"end":{"line":19,"column":null}},"type":"if","locations":[{"start":{"line":17,"column":2},"end":{"line":19,"column":null}},{"start":{"line":17,"column":2},"end":{"line":19,"column":null}}]},"1":{"loc":{"start":{"line":17,"column":6},"end":{"line":17,"column":23}},"type":"binary-expr","locations":[{"start":{"line":17,"column":6},"end":{"line":17,"column":23}},{"start":{"line":17,"column":23},"end":{"line":17,"column":57}}]},"2":{"loc":{"start":{"line":21,"column":2},"end":{"line":23,"column":null}},"type":"if","locations":[{"start":{"line":21,"column":2},"end":{"line":23,"column":null}},{"start":{"line":21,"column":2},"end":{"line":23,"column":null}}]},"3":{"loc":{"start":{"line":21,"column":6},"end":{"line":21,"column":26}},"type":"binary-expr","locations":[{"start":{"line":21,"column":6},"end":{"line":21,"column":26}},{"start":{"line":21,"column":26},"end":{"line":21,"column":63}}]},"4":{"loc":{"start":{"line":26,"column":19},"end":{"line":26,"column":39}},"type":"binary-expr","locations":[{"start":{"line":26,"column":19},"end":{"line":26,"column":39}},{"start":{"line":26,"column":39},"end":{"line":26,"column":null}}]},"5":{"loc":{"start":{"line":27,"column":19},"end":{"line":27,"column":39}},"type":"binary-expr","locations":[{"start":{"line":27,"column":19},"end":{"line":27,"column":39}},{"start":{"line":27,"column":39},"end":{"line":27,"column":null}}]},"6":{"loc":{"start":{"line":29,"column":2},"end":{"line":33,"column":null}},"type":"if","locations":[{"start":{"line":29,"column":2},"end":{"line":33,"column":null}},{"start":{"line":29,"column":2},"end":{"line":33,"column":null}}]},"7":{"loc":{"start":{"line":34,"column":2},"end":{"line":38,"column":null}},"type":"if","locations":[{"start":{"line":34,"column":2},"end":{"line":38,"column":null}},{"start":{"line":34,"column":2},"end":{"line":38,"column":null}}]},"8":{"loc":{"start":{"line":39,"column":2},"end":{"line":43,"column":null}},"type":"if","locations":[{"start":{"line":39,"column":2},"end":{"line":43,"column":null}},{"start":{"line":39,"column":2},"end":{"line":43,"column":null}}]},"9":{"loc":{"start":{"line":44,"column":2},"end":{"line":48,"column":null}},"type":"if","locations":[{"start":{"line":44,"column":2},"end":{"line":48,"column":null}},{"start":{"line":44,"column":2},"end":{"line":48,"column":null}}]}},"s":{"0":3,"1":3,"2":3,"3":3,"4":8,"5":8,"6":1,"7":7,"8":1,"9":6,"10":6,"11":6,"12":6,"13":3,"14":6,"15":3,"16":6,"17":1,"18":6,"19":5,"20":6},"f":{"0":8},"b":{"0":[1,7],"1":[8,7],"2":[1,6],"3":[7,6],"4":[6,6],"5":[6,5],"6":[3,3],"7":[3,3],"8":[1,5],"9":[5,1]}}
,"/Users/tomaszpluskiewicz/projects/zazuko/data-cube-curation/api/lib/domain/source/events.ts": {"path":"/Users/tomaszpluskiewicz/projects/zazuko/data-cube-curation/api/lib/domain/source/events.ts","statementMap":{"0":{"start":{"line":1,"column":0},"end":{"line":1,"column":null}},"1":{"start":{"line":26,"column":0},"end":{"line":26,"column":15}}},"fnMap":{},"branchMap":{},"s":{"0":1,"1":1},"f":{},"b":{}}
,"/Users/tomaszpluskiewicz/projects/zazuko/data-cube-curation/api/lib/domain/source/index.ts": {"path":"/Users/tomaszpluskiewicz/projects/zazuko/data-cube-curation/api/lib/domain/source/index.ts","statementMap":{"0":{"start":{"line":16,"column":13},"end":{"line":16,"column":26}}},"fnMap":{},"branchMap":{},"s":{"0":4},"f":{},"b":{}}
,"/Users/tomaszpluskiewicz/projects/zazuko/data-cube-curation/api/lib/domain/table/addReferenceAttribute.spec-graphs.ts": {"path":"/Users/tomaszpluskiewicz/projects/zazuko/data-cube-curation/api/lib/domain/table/addReferenceAttribute.spec-graphs.ts","statementMap":{"0":{"start":{"line":1,"column":0},"end":{"line":1,"column":null}},"1":{"start":{"line":3,"column":26},"end":{"line":3,"column":6}},"2":{"start":{"line":3,"column":47},"end":{"line":3,"column":6}},"3":{"start":{"line":8,"column":13},"end":{"line":8,"column":37}},"4":{"start":{"line":8,"column":59},"end":{"line":8,"column":70}}},"fnMap":{"0":{"name":"(anonymous_0)","decl":{"start":{"line":3,"column":26},"end":{"line":3,"column":47}},"loc":{"start":{"line":3,"column":47},"end":{"line":3,"column":6}}},"1":{"name":"(anonymous_1)","decl":{"start":{"line":8,"column":38},"end":{"line":8,"column":59}},"loc":{"start":{"line":8,"column":59},"end":{"line":8,"column":70}}}},"branchMap":{},"s":{"0":1,"1":1,"2":8,"3":1,"4":8},"f":{"0":8,"1":8},"b":{}}
,"/Users/tomaszpluskiewicz/projects/zazuko/data-cube-curation/api/lib/domain/table/addReferenceAttribute.ts": {"path":"/Users/tomaszpluskiewicz/projects/zazuko/data-cube-curation/api/lib/domain/table/addReferenceAttribute.ts","statementMap":{"0":{"start":{"line":1,"column":0},"end":{"line":1,"column":null}},"1":{"start":{"line":2,"column":0},"end":{"line":2,"column":null}},"2":{"start":{"line":4,"column":0},"end":{"line":4,"column":null}},"3":{"start":{"line":7,"column":0},"end":{"line":7,"column":null}},"4":{"start":{"line":9,"column":0},"end":{"line":9,"column":null}},"5":{"start":{"line":10,"column":0},"end":{"line":10,"column":null}},"6":{"start":{"line":11,"column":0},"end":{"line":11,"column":null}},"7":{"start":{"line":12,"column":0},"end":{"line":12,"column":null}},"8":{"start":{"line":13,"column":0},"end":{"line":13,"column":null}},"9":{"start":{"line":27,"column":2},"end":{"line":27,"column":9}},"10":{"start":{"line":28,"column":29},"end":{"line":28,"column":null}},"11":{"start":{"line":29,"column":20},"end":{"line":29,"column":23}},"12":{"start":{"line":32,"column":32},"end":{"line":32,"column":null}},"13":{"start":{"line":34,"column":4},"end":{"line":34,"column":18}},"14":{"start":{"line":35,"column":23},"end":{"line":35,"column":36}},"15":{"start":{"line":37,"column":6},"end":{"line":39,"column":null}},"16":{"start":{"line":38,"column":8},"end":{"line":38,"column":14}},"17":{"start":{"line":42,"column":4},"end":{"line":42,"column":11}},"18":{"start":{"line":47,"column":2},"end":{"line":47,"column":9}},"19":{"start":{"line":47,"column":68},"end":{"line":47,"column":null}},"20":{"start":{"line":51,"column":17},"end":{"line":51,"column":38}},"21":{"start":{"line":51,"column":82},"end":{"line":51,"column":null}},"22":{"start":{"line":53,"column":19},"end":{"line":53,"column":47}},"23":{"start":{"line":54,"column":28},"end":{"line":54,"column":49}},"24":{"start":{"line":55,"column":2},"end":{"line":55,"column":48}},"25":{"start":{"line":55,"column":42},"end":{"line":55,"column":48}},"26":{"start":{"line":57,"column":2},"end":{"line":57,"column":19}},"27":{"start":{"line":58,"column":4},"end":{"line":60,"column":null}},"28":{"start":{"line":58,"column":40},"end":{"line":58,"column":83}},"29":{"start":{"line":59,"column":6},"end":{"line":59,"column":12}},"30":{"start":{"line":63,"column":2},"end":{"line":63,"column":9}},"31":{"start":{"line":66,"column":13},"end":{"line":66,"column":37}},"32":{"start":{"line":67,"column":22},"end":{"line":67,"column":35}},"33":{"start":{"line":68,"column":2},"end":{"line":70,"column":null}},"34":{"start":{"line":69,"column":4},"end":{"line":69,"column":10}},"35":{"start":{"line":72,"column":2},"end":{"line":74,"column":null}},"36":{"start":{"line":73,"column":4},"end":{"line":73,"column":10}},"37":{"start":{"line":76,"column":29},"end":{"line":76,"column":52}},"38":{"start":{"line":77,"column":2},"end":{"line":79,"column":null}},"39":{"start":{"line":78,"column":4},"end":{"line":78,"column":10}},"40":{"start":{"line":81,"column":29},"end":{"line":81,"column":52}},"41":{"start":{"line":82,"column":33},"end":{"line":82,"column":56}},"42":{"start":{"line":84,"column":22},"end":{"line":84,"column":null}},"43":{"start":{"line":85,"column":29},"end":{"line":85,"column":57}},"44":{"start":{"line":86,"column":34},"end":{"line":86,"column":66}},"45":{"start":{"line":87,"column":2},"end":{"line":89,"column":null}},"46":{"start":{"line":88,"column":4},"end":{"line":88,"column":10}},"47":{"start":{"line":91,"column":2},"end":{"line":91,"column":9}},"48":{"start":{"line":98,"column":2},"end":{"line":98,"column":9}},"49":{"start":{"line":104,"column":53},"end":{"line":104,"column":null}}},"fnMap":{"0":{"name":"validateColumns","decl":{"start":{"line":26,"column":9},"end":{"line":26,"column":26}},"loc":{"start":{"line":26,"column":78},"end":{"line":44,"column":null}}},"1":{"name":"(anonymous_2)","decl":{"start":{"line":27,"column":9},"end":{"line":27,"column":25}},"loc":{"start":{"line":27,"column":67},"end":{"line":43,"column":null}}},"2":{"name":"(anonymous_3)","decl":{"start":{"line":32,"column":12},"end":{"line":32,"column":32}},"loc":{"start":{"line":32,"column":32},"end":{"line":32,"column":null}}},"3":{"name":"(anonymous_4)","decl":{"start":{"line":34,"column":27},"end":{"line":34,"column":34}},"loc":{"start":{"line":34,"column":37},"end":{"line":40,"column":null}}},"4":{"name":"validateSourceColumns","decl":{"start":{"line":46,"column":15},"end":{"line":46,"column":38}},"loc":{"start":{"line":46,"column":98},"end":{"line":48,"column":null}}},"5":{"name":"(anonymous_6)","decl":{"start":{"line":47,"column":57},"end":{"line":47,"column":64}},"loc":{"start":{"line":47,"column":68},"end":{"line":47,"column":null}}},"6":{"name":"validateReferencedColumns","decl":{"start":{"line":50,"column":15},"end":{"line":50,"column":42}},"loc":{"start":{"line":50,"column":119},"end":{"line":64,"column":null}}},"7":{"name":"(anonymous_8)","decl":{"start":{"line":51,"column":71},"end":{"line":51,"column":78}},"loc":{"start":{"line":51,"column":82},"end":{"line":51,"column":null}}},"8":{"name":"(anonymous_9)","decl":{"start":{"line":57,"column":28},"end":{"line":57,"column":34}},"loc":{"start":{"line":57,"column":37},"end":{"line":61,"column":null}}},"9":{"name":"(anonymous_10)","decl":{"start":{"line":58,"column":29},"end":{"line":58,"column":36}},"loc":{"start":{"line":58,"column":40},"end":{"line":58,"column":83}}},"10":{"name":"(anonymous_11)","decl":{"start":{"line":66,"column":119},"end":{"line":66,"column":126}},"loc":{"start":{"line":66,"column":153},"end":{"line":109,"column":null}}},"11":{"name":"(anonymous_12)","decl":{"start":{"line":104,"column":47},"end":{"line":104,"column":48}},"loc":{"start":{"line":104,"column":53},"end":{"line":104,"column":null}}}},"branchMap":{"0":{"loc":{"start":{"line":37,"column":6},"end":{"line":39,"column":null}},"type":"if","locations":[{"start":{"line":37,"column":6},"end":{"line":39,"column":null}},{"start":{"line":37,"column":6},"end":{"line":39,"column":null}}]},"1":{"loc":{"start":{"line":55,"column":2},"end":{"line":55,"column":48}},"type":"if","locations":[{"start":{"line":55,"column":2},"end":{"line":55,"column":48}},{"start":{"line":55,"column":2},"end":{"line":55,"column":48}}]},"2":{"loc":{"start":{"line":58,"column":4},"end":{"line":60,"column":null}},"type":"if","locations":[{"start":{"line":58,"column":4},"end":{"line":60,"column":null}},{"start":{"line":58,"column":4},"end":{"line":60,"column":null}}]},"3":{"loc":{"start":{"line":68,"column":2},"end":{"line":70,"column":null}},"type":"if","locations":[{"start":{"line":68,"column":2},"end":{"line":70,"column":null}},{"start":{"line":68,"column":2},"end":{"line":70,"column":null}}]},"4":{"loc":{"start":{"line":72,"column":2},"end":{"line":74,"column":null}},"type":"if","locations":[{"start":{"line":72,"column":2},"end":{"line":74,"column":null}},{"start":{"line":72,"column":2},"end":{"line":74,"column":null}}]},"5":{"loc":{"start":{"line":77,"column":2},"end":{"line":79,"column":null}},"type":"if","locations":[{"start":{"line":77,"column":2},"end":{"line":79,"column":null}},{"start":{"line":77,"column":2},"end":{"line":79,"column":null}}]},"6":{"loc":{"start":{"line":87,"column":2},"end":{"line":89,"column":null}},"type":"if","locations":[{"start":{"line":87,"column":2},"end":{"line":89,"column":null}},{"start":{"line":87,"column":2},"end":{"line":89,"column":null}}]},"7":{"loc":{"start":{"line":87,"column":6},"end":{"line":87,"column":39}},"type":"binary-expr","locations":[{"start":{"line":87,"column":6},"end":{"line":87,"column":39}},{"start":{"line":87,"column":39},"end":{"line":87,"column":75}}]}},"s":{"0":1,"1":1,"2":1,"3":1,"4":1,"5":1,"6":1,"7":1,"8":1,"9":10,"10":10,"11":10,"12":8,"13":10,"14":10,"15":10,"16":2,"17":10,"18":5,"19":5,"20":5,"21":5,"22":5,"23":5,"24":5,"25":0,"26":5,"27":6,"28":6,"29":1,"30":5,"31":1,"32":9,"33":9,"34":1,"35":8,"36":2,"37":6,"38":6,"39":1,"40":5,"41":5,"42":5,"43":5,"44":5,"45":5,"46":3,"47":2,"48":2,"49":2},"f":{"0":10,"1":10,"2":8,"3":10,"4":5,"5":5,"6":5,"7":5,"8":6,"9":6,"10":9,"11":2},"b":{"0":[2,8],"1":[0,5],"2":[1,5],"3":[1,8],"4":[2,6],"5":[1,5],"6":[3,2],"7":[5,4]}}
,"/Users/tomaszpluskiewicz/projects/zazuko/data-cube-curation/api/lib/domain/table/addValueAttribute.ts": {"path":"/Users/tomaszpluskiewicz/projects/zazuko/data-cube-curation/api/lib/domain/table/addValueAttribute.ts","statementMap":{"0":{"start":{"line":1,"column":0},"end":{"line":1,"column":null}},"1":{"start":{"line":2,"column":0},"end":{"line":2,"column":null}},"2":{"start":{"line":6,"column":0},"end":{"line":6,"column":null}},"3":{"start":{"line":7,"column":0},"end":{"line":7,"column":null}},"4":{"start":{"line":8,"column":0},"end":{"line":8,"column":null}},"5":{"start":{"line":22,"column":13},"end":{"line":22,"column":33}},"6":{"start":{"line":23,"column":22},"end":{"line":23,"column":35}},"7":{"start":{"line":25,"column":2},"end":{"line":27,"column":null}},"8":{"start":{"line":26,"column":4},"end":{"line":26,"column":10}},"9":{"start":{"line":28,"column":2},"end":{"line":30,"column":null}},"10":{"start":{"line":29,"column":4},"end":{"line":29,"column":10}},"11":{"start":{"line":31,"column":2},"end":{"line":33,"column":null}},"12":{"start":{"line":32,"column":4},"end":{"line":32,"column":10}},"13":{"start":{"line":34,"column":2},"end":{"line":36,"column":null}},"14":{"start":{"line":35,"column":4},"end":{"line":35,"column":10}},"15":{"start":{"line":38,"column":22},"end":{"line":38,"column":null}},"16":{"start":{"line":40,"column":2},"end":{"line":40,"column":9}},"17":{"start":{"line":52,"column":36},"end":{"line":52,"column":null}},"18":{"start":{"line":69,"column":2},"end":{"line":69,"column":9}}},"fnMap":{"0":{"name":"(anonymous_1)","decl":{"start":{"line":22,"column":107},"end":{"line":22,"column":114}},"loc":{"start":{"line":22,"column":141},"end":{"line":70,"column":null}}}},"branchMap":{"0":{"loc":{"start":{"line":25,"column":2},"end":{"line":27,"column":null}},"type":"if","locations":[{"start":{"line":25,"column":2},"end":{"line":27,"column":null}},{"start":{"line":25,"column":2},"end":{"line":27,"column":null}}]},"1":{"loc":{"start":{"line":28,"column":2},"end":{"line":30,"column":null}},"type":"if","locations":[{"start":{"line":28,"column":2},"end":{"line":30,"column":null}},{"start":{"line":28,"column":2},"end":{"line":30,"column":null}}]},"2":{"loc":{"start":{"line":31,"column":2},"end":{"line":33,"column":null}},"type":"if","locations":[{"start":{"line":31,"column":2},"end":{"line":33,"column":null}},{"start":{"line":31,"column":2},"end":{"line":33,"column":null}}]},"3":{"loc":{"start":{"line":31,"column":6},"end":{"line":31,"column":26}},"type":"binary-expr","locations":[{"start":{"line":31,"column":6},"end":{"line":31,"column":26}},{"start":{"line":31,"column":26},"end":{"line":31,"column":44}}]},"4":{"loc":{"start":{"line":34,"column":2},"end":{"line":36,"column":null}},"type":"if","locations":[{"start":{"line":34,"column":2},"end":{"line":36,"column":null}},{"start":{"line":34,"column":2},"end":{"line":36,"column":null}}]},"5":{"loc":{"start":{"line":44,"column":14},"end":{"line":44,"column":34}},"type":"binary-expr","locations":[{"start":{"line":44,"column":14},"end":{"line":44,"column":34}},{"start":{"line":44,"column":34},"end":{"line":44,"column":41}}]},"6":{"loc":{"start":{"line":48,"column":32},"end":{"line":48,"column":34}},"type":"cond-expr","locations":[{"start":{"line":48,"column":32},"end":{"line":48,"column":34}},{"start":{"line":48,"column":32},"end":{"line":48,"column":null}}]},"7":{"loc":{"start":{"line":48,"column":12},"end":{"line":48,"column":34}},"type":"binary-expr","locations":[{"start":{"line":48,"column":12},"end":{"line":48,"column":34}},{"start":{"line":48,"column":32},"end":{"line":48,"column":34}}]},"8":{"loc":{"start":{"line":58,"column":14},"end":{"line":58,"column":34}},"type":"binary-expr","locations":[{"start":{"line":58,"column":14},"end":{"line":58,"column":34}},{"start":{"line":58,"column":34},"end":{"line":58,"column":41}}]},"9":{"loc":{"start":{"line":65,"column":32},"end":{"line":65,"column":34}},"type":"cond-expr","locations":[{"start":{"line":65,"column":32},"end":{"line":65,"column":34}},{"start":{"line":65,"column":32},"end":{"line":65,"column":null}}]},"10":{"loc":{"start":{"line":65,"column":12},"end":{"line":65,"column":34}},"type":"binary-expr","locations":[{"start":{"line":65,"column":12},"end":{"line":65,"column":34}},{"start":{"line":65,"column":32},"end":{"line":65,"column":34}}]}},"s":{"0":1,"1":1,"2":1,"3":1,"4":1,"5":1,"6":7,"7":7,"8":1,"9":6,"10":1,"11":5,"12":1,"13":4,"14":0,"15":4,"16":4,"17":4,"18":4},"f":{"0":7},"b":{"0":[1,6],"1":[1,5],"2":[1,4],"3":[5,3],"4":[0,4],"5":[4,2],"6":[2,2],"7":[4,4],"8":[4,2],"9":[2,2],"10":[4,4]}}
,"/Users/tomaszpluskiewicz/projects/zazuko/data-cube-curation/api/lib/domain/table/events.ts": {"path":"/Users/tomaszpluskiewicz/projects/zazuko/data-cube-curation/api/lib/domain/table/events.ts","statementMap":{"0":{"start":{"line":1,"column":0},"end":{"line":1,"column":null}},"1":{"start":{"line":28,"column":0},"end":{"line":28,"column":15}}},"fnMap":{},"branchMap":{},"s":{"0":4,"1":4},"f":{},"b":{}}
,"/Users/tomaszpluskiewicz/projects/zazuko/data-cube-curation/api/lib/domain/table/identifierTemplate.ts": {"path":"/Users/tomaszpluskiewicz/projects/zazuko/data-cube-curation/api/lib/domain/table/identifierTemplate.ts","statementMap":{"0":{"start":{"line":1,"column":0},"end":{"line":1,"column":null}},"1":{"start":{"line":3,"column":0},"end":{"line":3,"column":null}},"2":{"start":{"line":4,"column":0},"end":{"line":4,"column":null}},"3":{"start":{"line":5,"column":0},"end":{"line":5,"column":null}},"4":{"start":{"line":13,"column":2},"end":{"line":15,"column":null}},"5":{"start":{"line":14,"column":4},"end":{"line":14,"column":11}},"6":{"start":{"line":18,"column":2},"end":{"line":22,"column":null}},"7":{"start":{"line":19,"column":4},"end":{"line":19,"column":15}},"8":{"start":{"line":21,"column":4},"end":{"line":21,"column":11}},"9":{"start":{"line":24,"column":18},"end":{"line":26,"column":null}},"10":{"start":{"line":28,"column":36},"end":{"line":28,"column":null}},"11":{"start":{"line":29,"column":18},"end":{"line":29,"column":21}},"12":{"start":{"line":31,"column":20},"end":{"line":31,"column":31}},"13":{"start":{"line":32,"column":27},"end":{"line":32,"column":null}},"14":{"start":{"line":33,"column":4},"end":{"line":36,"column":null}},"15":{"start":{"line":34,"column":6},"end":{"line":34,"column":21}},"16":{"start":{"line":35,"column":6},"end":{"line":35,"column":13}},"17":{"start":{"line":38,"column":4},"end":{"line":38,"column":11}},"18":{"start":{"line":47,"column":2},"end":{"line":49,"column":null}},"19":{"start":{"line":48,"column":4},"end":{"line":48,"column":11}},"20":{"start":{"line":51,"column":2},"end":{"line":51,"column":9}},"21":{"start":{"line":12,"column":0},"end":{"line":12,"column":7}}},"fnMap":{"0":{"name":"extractColumns","decl":{"start":{"line":12,"column":22},"end":{"line":12,"column":38}},"loc":{"start":{"line":12,"column":102},"end":{"line":52,"column":null}}},"1":{"name":"(anonymous_2)","decl":{"start":{"line":31,"column":39},"end":{"line":31,"column":40}},"loc":{"start":{"line":31,"column":61},"end":{"line":45,"column":5}}}},"branchMap":{"0":{"loc":{"start":{"line":13,"column":2},"end":{"line":15,"column":null}},"type":"if","locations":[{"start":{"line":13,"column":2},"end":{"line":15,"column":null}},{"start":{"line":13,"column":2},"end":{"line":15,"column":null}}]},"1":{"loc":{"start":{"line":25,"column":6},"end":{"line":25,"column":29}},"type":"cond-expr","locations":[{"start":{"line":25,"column":6},"end":{"line":25,"column":29}},{"start":{"line":26,"column":6},"end":{"line":26,"column":null}}]},"2":{"loc":{"start":{"line":33,"column":4},"end":{"line":36,"column":null}},"type":"if","locations":[{"start":{"line":33,"column":4},"end":{"line":36,"column":null}},{"start":{"line":33,"column":4},"end":{"line":36,"column":null}}]},"3":{"loc":{"start":{"line":47,"column":2},"end":{"line":49,"column":null}},"type":"if","locations":[{"start":{"line":47,"column":2},"end":{"line":49,"column":null}},{"start":{"line":47,"column":2},"end":{"line":49,"column":null}}]}},"s":{"0":4,"1":4,"2":4,"3":4,"4":4,"5":0,"6":4,"7":4,"8":1,"9":3,"10":3,"11":3,"12":3,"13":5,"14":5,"15":1,"16":1,"17":4,"18":3,"19":1,"20":2,"21":4},"f":{"0":4,"1":5},"b":{"0":[0,4],"1":[3,0],"2":[1,4],"3":[1,2]}}
,"/Users/tomaszpluskiewicz/projects/zazuko/data-cube-curation/api/lib/domain/table/index.ts": {"path":"/Users/tomaszpluskiewicz/projects/zazuko/data-cube-curation/api/lib/domain/table/index.ts","statementMap":{"0":{"start":{"line":1,"column":0},"end":{"line":1,"column":null}},"1":{"start":{"line":2,"column":0},"end":{"line":2,"column":null}},"2":{"start":{"line":5,"column":0},"end":{"line":5,"column":9}},"3":{"start":{"line":5,"column":9},"end":{"line":5,"column":null}},"4":{"start":{"line":28,"column":13},"end":{"line":28,"column":27}},"5":{"start":{"line":29,"column":18},"end":{"line":29,"column":null}},"6":{"start":{"line":31,"column":2},"end":{"line":31,"column":9}},"7":{"start":{"line":38,"column":2},"end":{"line":38,"column":9}}},"fnMap":{"0":{"name":"(anonymous_1)","decl":{"start":{"line":28,"column":78},"end":{"line":28,"column":79}},"loc":{"start":{"line":28,"column":95},"end":{"line":46,"column":null}}}},"branchMap":{},"s":{"0":1,"1":1,"2":1,"3":1,"4":1,"5":1,"6":1,"7":1},"f":{"0":1},"b":{}}
,"/Users/tomaszpluskiewicz/projects/zazuko/data-cube-curation/api/lib/domain/table/update.ts": {"path":"/Users/tomaszpluskiewicz/projects/zazuko/data-cube-curation/api/lib/domain/table/update.ts","statementMap":{"0":{"start":{"line":1,"column":0},"end":{"line":1,"column":null}},"1":{"start":{"line":4,"column":0},"end":{"line":4,"column":null}},"2":{"start":{"line":11,"column":13},"end":{"line":11,"column":22}},"3":{"start":{"line":12,"column":22},"end":{"line":12,"column":35}},"4":{"start":{"line":14,"column":23},"end":{"line":14,"column":25}},"5":{"start":{"line":15,"column":2},"end":{"line":17,"column":null}},"6":{"start":{"line":16,"column":4},"end":{"line":16,"column":10}},"7":{"start":{"line":18,"column":2},"end":{"line":20,"column":null}},"8":{"start":{"line":19,"column":4},"end":{"line":19,"column":10}},"9":{"start":{"line":22,"column":2},"end":{"line":28,"column":null}},"10":{"start":{"line":23,"column":31},"end":{"line":23,"column":null}},"11":{"start":{"line":24,"column":4},"end":{"line":24,"column":16}},"12":{"start":{"line":25,"column":4},"end":{"line":25,"column":11}},"13":{"start":{"line":30,"column":2},"end":{"line":35,"column":null}},"14":{"start":{"line":31,"column":4},"end":{"line":31,"column":16}},"15":{"start":{"line":32,"column":4},"end":{"line":32,"column":11}},"16":{"start":{"line":37,"column":2},"end":{"line":37,"column":9}}},"fnMap":{"0":{"name":"(anonymous_0)","decl":{"start":{"line":11,"column":90},"end":{"line":11,"column":91}},"loc":{"start":{"line":11,"column":118},"end":{"line":38,"column":null}}}},"branchMap":{"0":{"loc":{"start":{"line":15,"column":2},"end":{"line":17,"column":null}},"type":"if","locations":[{"start":{"line":15,"column":2},"end":{"line":17,"column":null}},{"start":{"line":15,"column":2},"end":{"line":17,"column":null}}]},"1":{"loc":{"start":{"line":15,"column":6},"end":{"line":15,"column":11}},"type":"binary-expr","locations":[{"start":{"line":15,"column":6},"end":{"line":15,"column":11}},{"start":{"line":15,"column":51},"end":{"line":15,"column":80}}]},"2":{"loc":{"start":{"line":18,"column":2},"end":{"line":20,"column":null}},"type":"if","locations":[{"start":{"line":18,"column":2},"end":{"line":20,"column":null}},{"start":{"line":18,"column":2},"end":{"line":20,"column":null}}]},"3":{"loc":{"start":{"line":22,"column":2},"end":{"line":28,"column":null}},"type":"if","locations":[{"start":{"line":22,"column":2},"end":{"line":28,"column":null}},{"start":{"line":22,"column":2},"end":{"line":28,"column":null}}]},"4":{"loc":{"start":{"line":23,"column":31},"end":{"line":23,"column":61}},"type":"binary-expr","locations":[{"start":{"line":23,"column":31},"end":{"line":23,"column":61}},{"start":{"line":23,"column":61},"end":{"line":23,"column":null}}]},"5":{"loc":{"start":{"line":30,"column":2},"end":{"line":35,"column":null}},"type":"if","locations":[{"start":{"line":30,"column":2},"end":{"line":35,"column":null}},{"start":{"line":30,"column":2},"end":{"line":35,"column":null}}]}},"s":{"0":2,"1":2,"2":2,"3":6,"4":6,"5":6,"6":1,"7":5,"8":1,"9":4,"10":3,"11":3,"12":3,"13":4,"14":2,"15":2,"16":4},"f":{"0":6},"b":{"0":[1,5],"1":[6,2],"2":[1,4],"3":[3,1],"4":[3,0],"5":[2,2]}}
,"/Users/tomaszpluskiewicz/projects/zazuko/data-cube-curation/api/lib/handlers/store-source.ts": {"path":"/Users/tomaszpluskiewicz/projects/zazuko/data-cube-curation/api/lib/handlers/store-source.ts","statementMap":{"0":{"start":{"line":1,"column":0},"end":{"line":1,"column":null}},"1":{"start":{"line":2,"column":0},"end":{"line":2,"column":null}},"2":{"start":{"line":3,"column":0},"end":{"line":3,"column":null}},"3":{"start":{"line":4,"column":0},"end":{"line":4,"column":null}},"4":{"start":{"line":5,"column":0},"end":{"line":5,"column":null}},"5":{"start":{"line":7,"column":13},"end":{"line":7,"column":34}},"6":{"start":{"line":8,"column":25},"end":{"line":8,"column":26}},"7":{"start":{"line":8,"column":77},"end":{"line":8,"column":80}},"8":{"start":{"line":8,"column":93},"end":{"line":8,"column":136}},"9":{"start":{"line":10,"column":2},"end":{"line":10,"column":10}},"10":{"start":{"line":13,"column":0},"end":{"line":13,"column":11}},"11":{"start":{"line":14,"column":2},"end":{"line":16,"column":null}},"12":{"start":{"line":15,"column":4},"end":{"line":15,"column":12}}},"fnMap":{"0":{"name":"storeSample","decl":{"start":{"line":7,"column":84},"end":{"line":7,"column":97}},"loc":{"start":{"line":7,"column":99},"end":{"line":11,"column":null}}},"1":{"name":"(anonymous_2)","decl":{"start":{"line":8,"column":70},"end":{"line":8,"column":73}},"loc":{"start":{"line":8,"column":77},"end":{"line":8,"column":80}}},"2":{"name":"(anonymous_3)","decl":{"start":{"line":8,"column":85},"end":{"line":8,"column":89}},"loc":{"start":{"line":8,"column":93},"end":{"line":8,"column":136}}},"3":{"name":"deleteSampleCsv","decl":{"start":{"line":13,"column":40},"end":{"line":13,"column":57}},"loc":{"start":{"line":13,"column":59},"end":{"line":17,"column":null}}}},"branchMap":{"0":{"loc":{"start":{"line":14,"column":2},"end":{"line":16,"column":null}},"type":"if","locations":[{"start":{"line":14,"column":2},"end":{"line":16,"column":null}},{"start":{"line":14,"column":2},"end":{"line":16,"column":null}}]}},"s":{"0":1,"1":1,"2":1,"3":1,"4":1,"5":1,"6":1,"7":3,"8":6,"9":1,"10":1,"11":0,"12":0},"f":{"0":1,"1":3,"2":6,"3":0},"b":{"0":[0,0]}}
,"/Users/tomaszpluskiewicz/projects/zazuko/data-cube-curation/api/lib/read-graphs/attribute.ts": {"path":"/Users/tomaszpluskiewicz/projects/zazuko/data-cube-curation/api/lib/read-graphs/attribute.ts","statementMap":{"0":{"start":{"line":1,"column":0},"end":{"line":1,"column":null}},"1":{"start":{"line":2,"column":0},"end":{"line":2,"column":null}},"2":{"start":{"line":3,"column":0},"end":{"line":3,"column":null}},"3":{"start":{"line":4,"column":0},"end":{"line":4,"column":null}},"4":{"start":{"line":5,"column":0},"end":{"line":5,"column":null}},"5":{"start":{"line":8,"column":21},"end":{"line":8,"column":26}},"6":{"start":{"line":10,"column":2},"end":{"line":10,"column":8}},"7":{"start":{"line":40,"column":2},"end":{"line":40,"column":8}},"8":{"start":{"line":50,"column":2},"end":{"line":50,"column":8}},"9":{"start":{"line":69,"column":2},"end":{"line":69,"column":9}},"10":{"start":{"line":7,"column":0},"end":{"line":7,"column":7}},"11":{"start":{"line":73,"column":20},"end":{"line":73,"column":25}},"12":{"start":{"line":75,"column":2},"end":{"line":75,"column":8}},"13":{"start":{"line":93,"column":2},"end":{"line":95,"column":null}},"14":{"start":{"line":94,"column":4},"end":{"line":94,"column":11}},"15":{"start":{"line":97,"column":2},"end":{"line":97,"column":9}},"16":{"start":{"line":72,"column":0},"end":{"line":72,"column":7}}},"fnMap":{"0":{"name":"getTableAttributes","decl":{"start":{"line":7,"column":22},"end":{"line":7,"column":42}},"loc":{"start":{"line":7,"column":57},"end":{"line":70,"column":null}}},"1":{"name":"getSingleAttribute","decl":{"start":{"line":72,"column":22},"end":{"line":72,"column":42}},"loc":{"start":{"line":72,"column":61},"end":{"line":98,"column":null}}}},"branchMap":{"0":{"loc":{"start":{"line":93,"column":2},"end":{"line":95,"column":null}},"type":"if","locations":[{"start":{"line":93,"column":2},"end":{"line":95,"column":null}},{"start":{"line":93,"column":2},"end":{"line":95,"column":null}}]}},"s":{"0":2,"1":2,"2":2,"3":2,"4":2,"5":0,"6":0,"7":0,"8":0,"9":0,"10":2,"11":0,"12":0,"13":0,"14":0,"15":0,"16":2},"f":{"0":0,"1":0},"b":{"0":[0,0]}}
,"/Users/tomaszpluskiewicz/projects/zazuko/data-cube-curation/api/lib/read-graphs/project.ts": {"path":"/Users/tomaszpluskiewicz/projects/zazuko/data-cube-curation/api/lib/read-graphs/project.ts","statementMap":{"0":{"start":{"line":1,"column":0},"end":{"line":1,"column":null}},"1":{"start":{"line":2,"column":0},"end":{"line":2,"column":null}},"2":{"start":{"line":3,"column":0},"end":{"line":3,"column":null}},"3":{"start":{"line":4,"column":0},"end":{"line":4,"column":null}},"4":{"start":{"line":5,"column":0},"end":{"line":5,"column":null}},"5":{"start":{"line":6,"column":0},"end":{"line":6,"column":null}},"6":{"start":{"line":7,"column":0},"end":{"line":7,"column":null}},"7":{"start":{"line":8,"column":0},"end":{"line":8,"column":null}},"8":{"start":{"line":9,"column":0},"end":{"line":9,"column":null}},"9":{"start":{"line":11,"column":0},"end":{"line":11,"column":null}},"10":{"start":{"line":12,"column":0},"end":{"line":12,"column":null}},"11":{"start":{"line":14,"column":0},"end":{"line":14,"column":14}},"12":{"start":{"line":15,"column":25},"end":{"line":16,"column":null}},"13":{"start":{"line":18,"column":2},"end":{"line":18,"column":8}},"14":{"start":{"line":41,"column":0},"end":{"line":41,"column":14}},"15":{"start":{"line":42,"column":2},"end":{"line":42,"column":8}},"16":{"start":{"line":51,"column":0},"end":{"line":51,"column":14}},"17":{"start":{"line":52,"column":2},"end":{"line":52,"column":8}},"18":{"start":{"line":63,"column":0},"end":{"line":63,"column":14}},"19":{"start":{"line":64,"column":2},"end":{"line":64,"column":8}},"20":{"start":{"line":75,"column":0},"end":{"line":75,"column":14}},"21":{"start":{"line":76,"column":2},"end":{"line":76,"column":8}},"22":{"start":{"line":87,"column":0},"end":{"line":87,"column":14}},"23":{"start":{"line":88,"column":2},"end":{"line":88,"column":9}},"24":{"start":{"line":92,"column":0},"end":{"line":92,"column":12}},"25":{"start":{"line":93,"column":2},"end":{"line":93,"column":8}},"26":{"start":{"line":100,"column":0},"end":{"line":100,"column":12}},"27":{"start":{"line":101,"column":2},"end":{"line":107,"column":null}},"28":{"start":{"line":102,"column":20},"end":{"line":102,"column":null}},"29":{"start":{"line":105,"column":4},"end":{"line":105,"column":10}},"30":{"start":{"line":110,"column":0},"end":{"line":110,"column":14}},"31":{"start":{"line":111,"column":2},"end":{"line":111,"column":9}},"32":{"start":{"line":122,"column":2},"end":{"line":122,"column":9}},"33":{"start":{"line":121,"column":0},"end":{"line":121,"column":16}},"34":{"start":{"line":126,"column":18},"end":{"line":126,"column":29}},"35":{"start":{"line":181,"column":18},"end":{"line":181,"column":21}},"36":{"start":{"line":184,"column":2},"end":{"line":184,"column":9}},"37":{"start":{"line":187,"column":6},"end":{"line":187,"column":13}},"38":{"start":{"line":188,"column":6},"end":{"line":188,"column":13}},"39":{"start":{"line":191,"column":24},"end":{"line":191,"column":31}},"40":{"start":{"line":192,"column":2},"end":{"line":194,"column":null}},"41":{"start":{"line":193,"column":4},"end":{"line":193,"column":11}},"42":{"start":{"line":196,"column":2},"end":{"line":196,"column":9}},"43":{"start":{"line":125,"column":0},"end":{"line":125,"column":7}},"44":{"start":{"line":202,"column":2},"end":{"line":202,"column":9}},"45":{"start":{"line":201,"column":0},"end":{"line":201,"column":7}}},"fnMap":{"0":{"name":"(anonymous_1)","decl":{"start":{"line":14,"column":32},"end":{"line":14,"column":38}},"loc":{"start":{"line":14,"column":43},"end":{"line":39,"column":null}}},"1":{"name":"(anonymous_2)","decl":{"start":{"line":41,"column":32},"end":{"line":41,"column":38}},"loc":{"start":{"line":41,"column":43},"end":{"line":49,"column":null}}},"2":{"name":"(anonymous_3)","decl":{"start":{"line":51,"column":33},"end":{"line":51,"column":39}},"loc":{"start":{"line":51,"column":44},"end":{"line":61,"column":null}}},"3":{"name":"(anonymous_4)","decl":{"start":{"line":63,"column":33},"end":{"line":63,"column":39}},"loc":{"start":{"line":63,"column":44},"end":{"line":73,"column":null}}},"4":{"name":"(anonymous_5)","decl":{"start":{"line":75,"column":32},"end":{"line":75,"column":38}},"loc":{"start":{"line":75,"column":43},"end":{"line":85,"column":null}}},"5":{"name":"(anonymous_6)","decl":{"start":{"line":87,"column":33},"end":{"line":87,"column":35}},"loc":{"start":{"line":87,"column":38},"end":{"line":90,"column":null}}},"6":{"name":"initialiseFactTableResource","decl":{"start":{"line":92,"column":47},"end":{"line":92,"column":76}},"loc":{"start":{"line":92,"column":78},"end":{"line":98,"column":null}}},"7":{"name":"updateProjectEntity","decl":{"start":{"line":100,"column":44},"end":{"line":100,"column":65}},"loc":{"start":{"line":100,"column":67},"end":{"line":108,"column":null}}},"8":{"name":"removeFactTableLink","decl":{"start":{"line":110,"column":46},"end":{"line":110,"column":67}},"loc":{"start":{"line":110,"column":69},"end":{"line":119,"column":null}}},"9":{"name":"exists","decl":{"start":{"line":121,"column":16},"end":{"line":121,"column":24}},"loc":{"start":{"line":121,"column":34},"end":{"line":123,"column":null}}},"10":{"name":"getProject","decl":{"start":{"line":125,"column":22},"end":{"line":125,"column":34}},"loc":{"start":{"line":125,"column":44},"end":{"line":199,"column":null}}},"11":{"name":"(anonymous_12)","decl":{"start":{"line":186,"column":27},"end":{"line":186,"column":34}},"loc":{"start":{"line":186,"column":37},"end":{"line":189,"column":null}}},"12":{"name":"hasSource","decl":{"start":{"line":201,"column":22},"end":{"line":201,"column":33}},"loc":{"start":{"line":201,"column":68},"end":{"line":207,"column":null}}}},"branchMap":{"0":{"loc":{"start":{"line":16,"column":6},"end":{"line":16,"column":63}},"type":"cond-expr","locations":[{"start":{"line":16,"column":6},"end":{"line":16,"column":63}},{"start":{"line":16,"column":63},"end":{"line":16,"column":null}}]},"1":{"loc":{"start":{"line":15,"column":25},"end":{"line":15,"column":68}},"type":"binary-expr","locations":[{"start":{"line":15,"column":25},"end":{"line":15,"column":68}},{"start":{"line":15,"column":68},"end":{"line":15,"column":null}}]},"2":{"loc":{"start":{"line":101,"column":2},"end":{"line":107,"column":null}},"type":"if","locations":[{"start":{"line":101,"column":2},"end":{"line":107,"column":null}},{"start":{"line":101,"column":2},"end":{"line":107,"column":null}}]},"3":{"loc":{"start":{"line":192,"column":2},"end":{"line":194,"column":null}},"type":"if","locations":[{"start":{"line":192,"column":2},"end":{"line":194,"column":null}},{"start":{"line":192,"column":2},"end":{"line":194,"column":null}}]}},"s":{"0":2,"1":2,"2":2,"3":2,"4":2,"5":2,"6":2,"7":2,"8":2,"9":2,"10":2,"11":2,"12":0,"13":0,"14":2,"15":0,"16":2,"17":0,"18":2,"19":0,"20":2,"21":0,"22":2,"23":0,"24":2,"25":0,"26":2,"27":0,"28":0,"29":0,"30":2,"31":0,"32":0,"33":2,"34":0,"35":0,"36":0,"37":0,"38":0,"39":0,"40":0,"41":0,"42":0,"43":2,"44":0,"45":2},"f":{"0":0,"1":0,"2":0,"3":0,"4":0,"5":0,"6":0,"7":0,"8":0,"9":0,"10":0,"11":0,"12":0},"b":{"0":[0,0],"1":[0,0],"2":[0,0],"3":[0,0]}}
,"/Users/tomaszpluskiewicz/projects/zazuko/data-cube-curation/api/lib/read-graphs/sparqlClient.ts": {"path":"/Users/tomaszpluskiewicz/projects/zazuko/data-cube-curation/api/lib/read-graphs/sparqlClient.ts","statementMap":{"0":{"start":{"line":1,"column":0},"end":{"line":1,"column":null}},"1":{"start":{"line":2,"column":0},"end":{"line":2,"column":null}},"2":{"start":{"line":3,"column":0},"end":{"line":3,"column":null}},"3":{"start":{"line":4,"column":0},"end":{"line":4,"column":null}},"4":{"start":{"line":6,"column":36},"end":{"line":6,"column":null}},"5":{"start":{"line":7,"column":0},"end":{"line":9,"column":null}},"6":{"start":{"line":8,"column":2},"end":{"line":8,"column":16}},"7":{"start":{"line":13,"column":2},"end":{"line":13,"column":14}},"8":{"start":{"line":20,"column":2},"end":{"line":20,"column":9}},"9":{"start":{"line":12,"column":0},"end":{"line":12,"column":16}}},"fnMap":{"0":{"name":"getClient","decl":{"start":{"line":12,"column":16},"end":{"line":12,"column":25}},"loc":{"start":{"line":12,"column":25},"end":{"line":21,"column":null}}}},"branchMap":{"0":{"loc":{"start":{"line":7,"column":0},"end":{"line":9,"column":null}},"type":"if","locations":[{"start":{"line":7,"column":0},"end":{"line":9,"column":null}},{"start":{"line":7,"column":0},"end":{"line":9,"column":null}}]},"1":{"loc":{"start":{"line":13,"column":17},"end":{"line":13,"column":29}},"type":"binary-expr","locations":[{"start":{"line":13,"column":17},"end":{"line":13,"column":29}},{"start":{"line":13,"column":33},"end":{"line":13,"column":37}}]},"2":{"loc":{"start":{"line":15,"column":15},"end":{"line":15,"column":56}},"type":"binary-expr","locations":[{"start":{"line":15,"column":15},"end":{"line":15,"column":56}},{"start":{"line":15,"column":56},"end":{"line":15,"column":null}}]}},"s":{"0":8,"1":8,"2":8,"3":8,"4":8,"5":8,"6":0,"7":0,"8":0,"9":8},"f":{"0":0},"b":{"0":[0,8],"1":[0,0],"2":[0,0]}}
,"/Users/tomaszpluskiewicz/projects/zazuko/data-cube-curation/api/lib/read-graphs/table.ts": {"path":"/Users/tomaszpluskiewicz/projects/zazuko/data-cube-curation/api/lib/read-graphs/table.ts","statementMap":{"0":{"start":{"line":1,"column":0},"end":{"line":1,"column":null}},"1":{"start":{"line":2,"column":0},"end":{"line":2,"column":null}},"2":{"start":{"line":3,"column":0},"end":{"line":3,"column":null}},"3":{"start":{"line":4,"column":0},"end":{"line":4,"column":null}},"4":{"start":{"line":5,"column":0},"end":{"line":5,"column":null}},"5":{"start":{"line":6,"column":0},"end":{"line":6,"column":null}},"6":{"start":{"line":8,"column":0},"end":{"line":8,"column":null}},"7":{"start":{"line":9,"column":0},"end":{"line":9,"column":null}},"8":{"start":{"line":10,"column":0},"end":{"line":10,"column":null}},"9":{"start":{"line":12,"column":0},"end":{"line":12,"column":11}},"10":{"start":{"line":13,"column":2},"end":{"line":25,"column":null}},"11":{"start":{"line":14,"column":4},"end":{"line":14,"column":10}},"12":{"start":{"line":28,"column":0},"end":{"line":28,"column":11}},"13":{"start":{"line":29,"column":2},"end":{"line":40,"column":null}},"14":{"start":{"line":30,"column":28},"end":{"line":30,"column":53}},"15":{"start":{"line":32,"column":22},"end":{"line":32,"column":37}},"16":{"start":{"line":33,"column":27},"end":{"line":33,"column":null}},"17":{"start":{"line":35,"column":26},"end":{"line":35,"column":43}},"18":{"start":{"line":36,"column":8},"end":{"line":36,"column":15}},"19":{"start":{"line":39,"column":4},"end":{"line":39,"column":10}},"20":{"start":{"line":44,"column":2},"end":{"line":44,"column":9}},"21":{"start":{"line":53,"column":6},"end":{"line":55,"column":null}},"22":{"start":{"line":54,"column":8},"end":{"line":54,"column":15}},"23":{"start":{"line":57,"column":6},"end":{"line":57,"column":13}},"24":{"start":{"line":43,"column":0},"end":{"line":43,"column":16}},"25":{"start":{"line":62,"column":2},"end":{"line":62,"column":9}},"26":{"start":{"line":61,"column":0},"end":{"line":61,"column":16}},"27":{"start":{"line":73,"column":19},"end":{"line":73,"column":32}},"28":{"start":{"line":80,"column":2},"end":{"line":82,"column":null}},"29":{"start":{"line":81,"column":4},"end":{"line":81,"column":11}},"30":{"start":{"line":84,"column":2},"end":{"line":84,"column":9}},"31":{"start":{"line":72,"column":0},"end":{"line":72,"column":7}},"32":{"start":{"line":88,"column":21},"end":{"line":88,"column":26}},"33":{"start":{"line":90,"column":2},"end":{"line":90,"column":8}},"34":{"start":{"line":122,"column":2},"end":{"line":122,"column":8}},"35":{"start":{"line":131,"column":2},"end":{"line":131,"column":9}},"36":{"start":{"line":87,"column":0},"end":{"line":87,"column":7}}},"fnMap":{"0":{"name":"removeTable","decl":{"start":{"line":12,"column":46},"end":{"line":12,"column":59}},"loc":{"start":{"line":12,"column":61},"end":{"line":26,"column":null}}},"1":{"name":"deleteAttributes","decl":{"start":{"line":28,"column":46},"end":{"line":28,"column":64}},"loc":{"start":{"line":28,"column":66},"end":{"line":41,"column":null}}},"2":{"name":"(anonymous_3)","decl":{"start":{"line":33,"column":12},"end":{"line":33,"column":27}},"loc":{"start":{"line":33,"column":27},"end":{"line":33,"column":null}}},"3":{"name":"(anonymous_4)","decl":{"start":{"line":34,"column":11},"end":{"line":34,"column":18}},"loc":{"start":{"line":34,"column":41},"end":{"line":37,"column":null}}},"4":{"name":"getFactTableId","decl":{"start":{"line":43,"column":16},"end":{"line":43,"column":32}},"loc":{"start":{"line":43,"column":60},"end":{"line":59,"column":null}}},"5":{"name":"(anonymous_6)","decl":{"start":{"line":52,"column":10},"end":{"line":52,"column":18}},"loc":{"start":{"line":52,"column":21},"end":{"line":58,"column":null}}},"6":{"name":"existsInTableSource","decl":{"start":{"line":61,"column":16},"end":{"line":61,"column":37}},"loc":{"start":{"line":61,"column":70},"end":{"line":70,"column":null}}},"7":{"name":"getTableSourceId","decl":{"start":{"line":72,"column":22},"end":{"line":72,"column":40}},"loc":{"start":{"line":72,"column":55},"end":{"line":85,"column":null}}},"8":{"name":"getProjectTables","decl":{"start":{"line":87,"column":22},"end":{"line":87,"column":40}},"loc":{"start":{"line":87,"column":60},"end":{"line":132,"column":null}}}},"branchMap":{"0":{"loc":{"start":{"line":13,"column":2},"end":{"line":25,"column":null}},"type":"if","locations":[{"start":{"line":13,"column":2},"end":{"line":25,"column":null}},{"start":{"line":13,"column":2},"end":{"line":25,"column":null}}]},"1":{"loc":{"start":{"line":29,"column":2},"end":{"line":40,"column":null}},"type":"if","locations":[{"start":{"line":29,"column":2},"end":{"line":40,"column":null}},{"start":{"line":29,"column":2},"end":{"line":40,"column":null}}]},"2":{"loc":{"start":{"line":53,"column":6},"end":{"line":55,"column":null}},"type":"if","locations":[{"start":{"line":53,"column":6},"end":{"line":55,"column":null}},{"start":{"line":53,"column":6},"end":{"line":55,"column":null}}]},"3":{"loc":{"start":{"line":80,"column":2},"end":{"line":82,"column":null}},"type":"if","locations":[{"start":{"line":80,"column":2},"end":{"line":82,"column":null}},{"start":{"line":80,"column":2},"end":{"line":82,"column":null}}]}},"s":{"0":2,"1":2,"2":2,"3":2,"4":2,"5":2,"6":2,"7":2,"8":2,"9":2,"10":0,"11":0,"12":2,"13":0,"14":0,"15":0,"16":0,"17":0,"18":0,"19":0,"20":0,"21":0,"22":0,"23":0,"24":2,"25":0,"26":2,"27":0,"28":0,"29":0,"30":0,"31":2,"32":0,"33":0,"34":0,"35":0,"36":2},"f":{"0":0,"1":0,"2":0,"3":0,"4":0,"5":0,"6":0,"7":0,"8":0},"b":{"0":[0,0],"1":[0,0],"2":[0,0],"3":[0,0]}}
,"/Users/tomaszpluskiewicz/projects/zazuko/data-cube-curation/api/lib/read-graphs/attribute/eventHandlers.ts": {"path":"/Users/tomaszpluskiewicz/projects/zazuko/data-cube-curation/api/lib/read-graphs/attribute/eventHandlers.ts","statementMap":{"0":{"start":{"line":1,"column":0},"end":{"line":1,"column":null}},"1":{"start":{"line":2,"column":0},"end":{"line":2,"column":null}},"2":{"start":{"line":3,"column":0},"end":{"line":3,"column":null}},"3":{"start":{"line":4,"column":0},"end":{"line":4,"column":null}},"4":{"start":{"line":5,"column":0},"end":{"line":5,"column":null}},"5":{"start":{"line":6,"column":0},"end":{"line":6,"column":null}},"6":{"start":{"line":7,"column":0},"end":{"line":7,"column":null}},"7":{"start":{"line":9,"column":17},"end":{"line":9,"column":27}},"8":{"start":{"line":11,"column":0},"end":{"line":11,"column":16}},"9":{"start":{"line":12,"column":18},"end":{"line":12,"column":29}},"10":{"start":{"line":20,"column":2},"end":{"line":20,"column":8}},"11":{"start":{"line":21,"column":4},"end":{"line":23,"column":null}},"12":{"start":{"line":22,"column":6},"end":{"line":22,"column":13}},"13":{"start":{"line":26,"column":2},"end":{"line":28,"column":null}},"14":{"start":{"line":27,"column":4},"end":{"line":27,"column":11}},"15":{"start":{"line":30,"column":2},"end":{"line":34,"column":null}},"16":{"start":{"line":31,"column":4},"end":{"line":31,"column":11}},"17":{"start":{"line":32,"column":9},"end":{"line":34,"column":null}},"18":{"start":{"line":33,"column":4},"end":{"line":33,"column":11}},"19":{"start":{"line":36,"column":2},"end":{"line":36,"column":9}},"20":{"start":{"line":44,"column":0},"end":{"line":44,"column":11}},"21":{"start":{"line":45,"column":2},"end":{"line":58,"column":null}},"22":{"start":{"line":46,"column":4},"end":{"line":46,"column":10}},"23":{"start":{"line":61,"column":0},"end":{"line":61,"column":16}},"24":{"start":{"line":62,"column":18},"end":{"line":62,"column":29}},"25":{"start":{"line":69,"column":2},"end":{"line":69,"column":4}},"26":{"start":{"line":70,"column":4},"end":{"line":70,"column":11}},"27":{"start":{"line":78,"column":2},"end":{"line":78,"column":9}}},"fnMap":{"0":{"name":"addAttributeToReadModel","decl":{"start":{"line":11,"column":48},"end":{"line":11,"column":73}},"loc":{"start":{"line":11,"column":75},"end":{"line":42,"column":null}}},"1":{"name":"(anonymous_2)","decl":{"start":{"line":20,"column":45},"end":{"line":20,"column":46}},"loc":{"start":{"line":20,"column":68},"end":{"line":24,"column":null}}},"2":{"name":"deleteAttributeReadModel","decl":{"start":{"line":44,"column":46},"end":{"line":44,"column":72}},"loc":{"start":{"line":44,"column":74},"end":{"line":59,"column":null}}},"3":{"name":"addReferenceAttributeToReadModel","decl":{"start":{"line":61,"column":52},"end":{"line":61,"column":86}},"loc":{"start":{"line":61,"column":88},"end":{"line":84,"column":null}}},"4":{"name":"(anonymous_5)","decl":{"start":{"line":69,"column":33},"end":{"line":69,"column":40}},"loc":{"start":{"line":69,"column":43},"end":{"line":76,"column":null}}}},"branchMap":{"0":{"loc":{"start":{"line":21,"column":4},"end":{"line":23,"column":null}},"type":"if","locations":[{"start":{"line":21,"column":4},"end":{"line":23,"column":null}},{"start":{"line":21,"column":4},"end":{"line":23,"column":null}}]},"1":{"loc":{"start":{"line":26,"column":2},"end":{"line":28,"column":null}},"type":"if","locations":[{"start":{"line":26,"column":2},"end":{"line":28,"column":null}},{"start":{"line":26,"column":2},"end":{"line":28,"column":null}}]},"2":{"loc":{"start":{"line":30,"column":2},"end":{"line":34,"column":null}},"type":"if","locations":[{"start":{"line":30,"column":2},"end":{"line":34,"column":null}},{"start":{"line":30,"column":2},"end":{"line":34,"column":null}}]},"3":{"loc":{"start":{"line":32,"column":9},"end":{"line":34,"column":null}},"type":"if","locations":[{"start":{"line":32,"column":9},"end":{"line":34,"column":null}},{"start":{"line":32,"column":9},"end":{"line":34,"column":null}}]},"4":{"loc":{"start":{"line":45,"column":2},"end":{"line":58,"column":null}},"type":"if","locations":[{"start":{"line":45,"column":2},"end":{"line":58,"column":null}},{"start":{"line":45,"column":2},"end":{"line":58,"column":null}}]}},"s":{"0":2,"1":2,"2":2,"3":2,"4":2,"5":2,"6":2,"7":2,"8":2,"9":0,"10":0,"11":0,"12":0,"13":0,"14":0,"15":0,"16":0,"17":0,"18":0,"19":0,"20":2,"21":0,"22":0,"23":2,"24":0,"25":0,"26":0,"27":0},"f":{"0":0,"1":0,"2":0,"3":0,"4":0},"b":{"0":[0,0],"1":[0,0],"2":[0,0],"3":[0,0],"4":[0,0]}}
,"/Users/tomaszpluskiewicz/projects/zazuko/data-cube-curation/api/lib/read-graphs/source/getSourceColumns.ts": {"path":"/Users/tomaszpluskiewicz/projects/zazuko/data-cube-curation/api/lib/read-graphs/source/getSourceColumns.ts","statementMap":{"0":{"start":{"line":1,"column":0},"end":{"line":1,"column":null}},"1":{"start":{"line":2,"column":0},"end":{"line":2,"column":null}},"2":{"start":{"line":3,"column":0},"end":{"line":3,"column":null}},"3":{"start":{"line":4,"column":0},"end":{"line":4,"column":null}},"4":{"start":{"line":5,"column":0},"end":{"line":5,"column":null}},"5":{"start":{"line":8,"column":18},"end":{"line":8,"column":23}},"6":{"start":{"line":9,"column":2},"end":{"line":9,"column":8}},"7":{"start":{"line":52,"column":16},"end":{"line":52,"column":19}},"8":{"start":{"line":53,"column":21},"end":{"line":53,"column":26}},"9":{"start":{"line":55,"column":18},"end":{"line":55,"column":23}},"10":{"start":{"line":58,"column":25},"end":{"line":58,"column":null}},"11":{"start":{"line":60,"column":6},"end":{"line":60,"column":13}},"12":{"start":{"line":65,"column":27},"end":{"line":65,"column":null}},"13":{"start":{"line":66,"column":17},"end":{"line":66,"column":null}},"14":{"start":{"line":69,"column":2},"end":{"line":69,"column":12}},"15":{"start":{"line":71,"column":2},"end":{"line":71,"column":9}},"16":{"start":{"line":7,"column":0},"end":{"line":7,"column":7}}},"fnMap":{"0":{"name":"getSourceColumns","decl":{"start":{"line":7,"column":22},"end":{"line":7,"column":40}},"loc":{"start":{"line":7,"column":56},"end":{"line":72,"column":null}}},"1":{"name":"(anonymous_2)","decl":{"start":{"line":57,"column":9},"end":{"line":57,"column":15}},"loc":{"start":{"line":57,"column":18},"end":{"line":64,"column":null}}},"2":{"name":"(anonymous_3)","decl":{"start":{"line":65,"column":10},"end":{"line":65,"column":11}},"loc":{"start":{"line":65,"column":27},"end":{"line":65,"column":null}}},"3":{"name":"(anonymous_4)","decl":{"start":{"line":66,"column":9},"end":{"line":66,"column":13}},"loc":{"start":{"line":66,"column":17},"end":{"line":66,"column":null}}}},"branchMap":{"0":{"loc":{"start":{"line":62,"column":28},"end":{"line":62,"column":37}},"type":"cond-expr","locations":[{"start":{"line":62,"column":28},"end":{"line":62,"column":37}},{"start":{"line":62,"column":51},"end":{"line":62,"column":null}}]}},"s":{"0":4,"1":4,"2":4,"3":4,"4":4,"5":0,"6":0,"7":0,"8":0,"9":0,"10":0,"11":0,"12":0,"13":0,"14":0,"15":0,"16":4},"f":{"0":0,"1":0,"2":0,"3":0},"b":{"0":[0,0]}}
,"/Users/tomaszpluskiewicz/projects/zazuko/data-cube-curation/api/lib/read-graphs/table/dimensionTable.ts": {"path":"/Users/tomaszpluskiewicz/projects/zazuko/data-cube-curation/api/lib/read-graphs/table/dimensionTable.ts","statementMap":{"0":{"start":{"line":1,"column":0},"end":{"line":1,"column":null}},"1":{"start":{"line":2,"column":0},"end":{"line":2,"column":null}},"2":{"start":{"line":3,"column":0},"end":{"line":3,"column":null}},"3":{"start":{"line":6,"column":19},"end":{"line":6,"column":32}},"4":{"start":{"line":15,"column":2},"end":{"line":17,"column":null}},"5":{"start":{"line":16,"column":4},"end":{"line":16,"column":10}},"6":{"start":{"line":18,"column":2},"end":{"line":24,"column":null}},"7":{"start":{"line":19,"column":4},"end":{"line":21,"column":null}},"8":{"start":{"line":20,"column":6},"end":{"line":20,"column":12}},"9":{"start":{"line":23,"column":4},"end":{"line":23,"column":11}},"10":{"start":{"line":26,"column":2},"end":{"line":26,"column":9}},"11":{"start":{"line":5,"column":0},"end":{"line":5,"column":7}}},"fnMap":{"0":{"name":"getIdentifierTemplate","decl":{"start":{"line":5,"column":22},"end":{"line":5,"column":45}},"loc":{"start":{"line":5,"column":84},"end":{"line":27,"column":null}}}},"branchMap":{"0":{"loc":{"start":{"line":5,"column":80},"end":{"line":5,"column":84}},"type":"default-arg","locations":[{"start":{"line":5,"column":80},"end":{"line":5,"column":84}}]},"1":{"loc":{"start":{"line":15,"column":2},"end":{"line":17,"column":null}},"type":"if","locations":[{"start":{"line":15,"column":2},"end":{"line":17,"column":null}},{"start":{"line":15,"column":2},"end":{"line":17,"column":null}}]},"2":{"loc":{"start":{"line":18,"column":2},"end":{"line":24,"column":null}},"type":"if","locations":[{"start":{"line":18,"column":2},"end":{"line":24,"column":null}},{"start":{"line":18,"column":2},"end":{"line":24,"column":null}}]},"3":{"loc":{"start":{"line":19,"column":4},"end":{"line":21,"column":null}},"type":"if","locations":[{"start":{"line":19,"column":4},"end":{"line":21,"column":null}},{"start":{"line":19,"column":4},"end":{"line":21,"column":null}}]}},"s":{"0":1,"1":1,"2":1,"3":0,"4":0,"5":0,"6":0,"7":0,"8":0,"9":0,"10":0,"11":1},"f":{"0":0},"b":{"0":[0],"1":[0,0],"2":[0,0],"3":[0,0]}}
[...]
,"/Users/tomaszpluskiewicz/projects/zazuko/data-cube-curation/api/lib/sparql/InsertDataBuilder.ts": {"path":"/Users/tomaszpluskiewicz/projects/zazuko/data-cube-curation/api/lib/sparql/InsertDataBuilder.ts","statementMap":{"0":{"start":{"line":2,"column":0},"end":{"line":2,"column":null}},"1":{"start":{"line":5,"column":10},"end":{"line":5,"column":29}},"2":{"start":{"line":8,"column":4},"end":{"line":8,"column":11}},"3":{"start":{"line":15,"column":4},"end":{"line":15,"column":9}},"4":{"start":{"line":17,"column":4},"end":{"line":17,"column":11}},"5":{"start":{"line":21,"column":4},"end":{"line":21,"column":11}},"6":{"start":{"line":4,"column":0},"end":{"line":4,"column":13}}},"fnMap":{"0":{"name":"(anonymous_0)","decl":{"start":{"line":4,"column":0},"end":{"line":4,"column":13}},"loc":{"start":{"line":4,"column":0},"end":{"line":25,"column":null}}},"1":{"name":"(anonymous_1)","decl":{"start":{"line":7,"column":12},"end":{"line":7,"column":28}},"loc":{"start":{"line":7,"column":72},"end":{"line":9,"column":null}}},"2":{"name":"(anonymous_2)","decl":{"start":{"line":11,"column":12},"end":{"line":11,"column":18}},"loc":{"start":{"line":11,"column":28},"end":{"line":12,"column":null}}},"3":{"name":"(anonymous_3)","decl":{"start":{"line":14,"column":9},"end":{"line":14,"column":14}},"loc":{"start":{"line":14,"column":34},"end":{"line":18,"column":null}}},"4":{"name":"(anonymous_4)","decl":{"start":{"line":20,"column":12},"end":{"line":20,"column":31}},"loc":{"start":{"line":20,"column":31},"end":{"line":24,"column":null}}}},"branchMap":{},"s":{"0":8,"1":0,"2":0,"3":0,"4":0,"5":0,"6":8},"f":{"0":0,"1":0,"2":0,"3":0,"4":0},"b":{}}
,"/Users/tomaszpluskiewicz/projects/zazuko/data-cube-curation/api/lib/sparql/SelectBuilder.ts": {"path":"/Users/tomaszpluskiewicz/projects/zazuko/data-cube-curation/api/lib/sparql/SelectBuilder.ts","statementMap":{"0":{"start":{"line":3,"column":0},"end":{"line":3,"column":null}},"1":{"start":{"line":6,"column":10},"end":{"line":6,"column":34}},"2":{"start":{"line":7,"column":10},"end":{"line":7,"column":33}},"3":{"start":{"line":10,"column":4},"end":{"line":10,"column":9}},"4":{"start":{"line":11,"column":4},"end":{"line":11,"column":11}},"5":{"start":{"line":15,"column":4},"end":{"line":15,"column":11}},"6":{"start":{"line":19,"column":17},"end":{"line":19,"column":31}},"7":{"start":{"line":20,"column":4},"end":{"line":20,"column":11}},"8":{"start":{"line":24,"column":4},"end":{"line":24,"column":9}},"9":{"start":{"line":26,"column":4},"end":{"line":26,"column":11}},"10":{"start":{"line":30,"column":22},"end":{"line":30,"column":27}},"11":{"start":{"line":30,"column":48},"end":{"line":30,"column":49}},"12":{"start":{"line":32,"column":4},"end":{"line":32,"column":11}},"13":{"start":{"line":5,"column":0},"end":{"line":5,"column":13}}},"fnMap":{"0":{"name":"(anonymous_0)","decl":{"start":{"line":5,"column":0},"end":{"line":5,"column":13}},"loc":{"start":{"line":5,"column":0},"end":{"line":38,"column":null}}},"1":{"name":"(anonymous_1)","decl":{"start":{"line":9,"column":9},"end":{"line":9,"column":18}},"loc":{"start":{"line":9,"column":42},"end":{"line":12,"column":null}}},"2":{"name":"(anonymous_2)","decl":{"start":{"line":14,"column":12},"end":{"line":14,"column":28}},"loc":{"start":{"line":14,"column":72},"end":{"line":16,"column":null}}},"3":{"name":"(anonymous_3)","decl":{"start":{"line":18,"column":12},"end":{"line":18,"column":18}},"loc":{"start":{"line":18,"column":76},"end":{"line":21,"column":null}}},"4":{"name":"(anonymous_4)","decl":{"start":{"line":23,"column":9},"end":{"line":23,"column":14}},"loc":{"start":{"line":23,"column":37},"end":{"line":27,"column":null}}},"5":{"name":"(anonymous_5)","decl":{"start":{"line":29,"column":12},"end":{"line":29,"column":31}},"loc":{"start":{"line":29,"column":31},"end":{"line":37,"column":null}}},"6":{"name":"(anonymous_6)","decl":{"start":{"line":30,"column":43},"end":{"line":30,"column":44}},"loc":{"start":{"line":30,"column":48},"end":{"line":30,"column":49}}}},"branchMap":{"0":{"loc":{"start":{"line":33,"column":30},"end":{"line":33,"column":64}},"type":"cond-expr","locations":[{"start":{"line":33,"column":30},"end":{"line":33,"column":64}},{"start":{"line":33,"column":64},"end":{"line":33,"column":66}}]}},"s":{"0":8,"1":0,"2":0,"3":0,"4":0,"5":0,"6":0,"7":0,"8":0,"9":0,"10":0,"11":0,"12":0,"13":8},"f":{"0":0,"1":0,"2":0,"3":0,"4":0,"5":0,"6":0},"b":{"0":[0,0]}}
,"/Users/tomaszpluskiewicz/projects/zazuko/data-cube-curation/api/lib/sparql/authentication.ts": {"path":"/Users/tomaszpluskiewicz/projects/zazuko/data-cube-curation/api/lib/sparql/authentication.ts","statementMap":{"0":{"start":{"line":1,"column":0},"end":{"line":1,"column":null}},"1":{"start":{"line":4,"column":0},"end":{"line":9,"column":null}},"2":{"start":{"line":5,"column":15},"end":{"line":5,"column":null}},"3":{"start":{"line":6,"column":19},"end":{"line":6,"column":null}},"4":{"start":{"line":8,"column":2},"end":{"line":8,"column":12}},"5":{"start":{"line":11,"column":0},"end":{"line":11,"column":15}}},"fnMap":{},"branchMap":{"0":{"loc":{"start":{"line":4,"column":0},"end":{"line":9,"column":null}},"type":"if","locations":[{"start":{"line":4,"column":0},"end":{"line":9,"column":null}},{"start":{"line":4,"column":0},"end":{"line":9,"column":null}}]},"1":{"loc":{"start":{"line":4,"column":4},"end":{"line":4,"column":40}},"type":"binary-expr","locations":[{"start":{"line":4,"column":4},"end":{"line":4,"column":40}},{"start":{"line":4,"column":40},"end":{"line":4,"column":74}}]}},"s":{"0":8,"1":8,"2":0,"3":0,"4":0,"5":8},"f":{},"b":{"0":[0,8],"1":[8,0]}}
,"/Users/tomaszpluskiewicz/projects/zazuko/data-cube-curation/api/lib/sparql/index.ts": {"path":"/Users/tomaszpluskiewicz/projects/zazuko/data-cube-curation/api/lib/sparql/index.ts","statementMap":{"0":{"start":{"line":1,"column":0},"end":{"line":1,"column":null}},"1":{"start":{"line":2,"column":0},"end":{"line":2,"column":null}},"2":{"start":{"line":3,"column":0},"end":{"line":3,"column":null}},"3":{"start":{"line":4,"column":0},"end":{"line":4,"column":null}},"4":{"start":{"line":5,"column":0},"end":{"line":5,"column":null}},"5":{"start":{"line":6,"column":0},"end":{"line":6,"column":null}},"6":{"start":{"line":9,"column":2},"end":{"line":9,"column":9}},"7":{"start":{"line":8,"column":0},"end":{"line":8,"column":16}},"8":{"start":{"line":13,"column":2},"end":{"line":13,"column":9}},"9":{"start":{"line":12,"column":0},"end":{"line":12,"column":16}},"10":{"start":{"line":17,"column":2},"end":{"line":17,"column":9}},"11":{"start":{"line":16,"column":0},"end":{"line":16,"column":16}},"12":{"start":{"line":21,"column":2},"end":{"line":21,"column":9}},"13":{"start":{"line":20,"column":0},"end":{"line":20,"column":16}},"14":{"start":{"line":25,"column":2},"end":{"line":25,"column":9}},"15":{"start":{"line":24,"column":0},"end":{"line":24,"column":16}},"16":{"start":{"line":29,"column":2},"end":{"line":29,"column":9}},"17":{"start":{"line":28,"column":0},"end":{"line":28,"column":16}}},"fnMap":{"0":{"name":"construct","decl":{"start":{"line":8,"column":16},"end":{"line":8,"column":25}},"loc":{"start":{"line":8,"column":25},"end":{"line":10,"column":null}}},"1":{"name":"select","decl":{"start":{"line":12,"column":16},"end":{"line":12,"column":24}},"loc":{"start":{"line":12,"column":46},"end":{"line":14,"column":null}}},"2":{"name":"ask","decl":{"start":{"line":16,"column":16},"end":{"line":16,"column":21}},"loc":{"start":{"line":16,"column":42},"end":{"line":18,"column":null}}},"3":{"name":"insertData","decl":{"start":{"line":20,"column":16},"end":{"line":20,"column":28}},"loc":{"start":{"line":20,"column":45},"end":{"line":22,"column":null}}},"4":{"name":"deleteInsert","decl":{"start":{"line":24,"column":16},"end":{"line":24,"column":30}},"loc":{"start":{"line":24,"column":57},"end":{"line":26,"column":null}}},"5":{"name":"describe","decl":{"start":{"line":28,"column":16},"end":{"line":28,"column":26}},"loc":{"start":{"line":28,"column":74},"end":{"line":30,"column":null}}}},"branchMap":{},"s":{"0":8,"1":8,"2":8,"3":8,"4":8,"5":8,"6":0,"7":8,"8":0,"9":8,"10":0,"11":8,"12":0,"13":8,"14":0,"15":8,"16":0,"17":8},"f":{"0":0,"1":0,"2":0,"3":0,"4":0,"5":0},"b":{}}
,"/Users/tomaszpluskiewicz/projects/zazuko/data-cube-curation/api/lib/storage/index.ts": {"path":"/Users/tomaszpluskiewicz/projects/zazuko/data-cube-curation/api/lib/storage/index.ts","statementMap":{"0":{"start":{"line":1,"column":0},"end":{"line":1,"column":null}},"1":{"start":{"line":2,"column":0},"end":{"line":2,"column":null}},"2":{"start":{"line":4,"column":0},"end":{"line":4,"column":null}},"3":{"start":{"line":14,"column":0},"end":{"line":18,"column":null}},"4":{"start":{"line":15,"column":2},"end":{"line":15,"column":9}},"5":{"start":{"line":17,"column":2},"end":{"line":17,"column":9}},"6":{"start":{"line":20,"column":0},"end":{"line":20,"column":15}}},"fnMap":{},"branchMap":{"0":{"loc":{"start":{"line":14,"column":0},"end":{"line":18,"column":null}},"type":"if","locations":[{"start":{"line":14,"column":0},"end":{"line":18,"column":null}},{"start":{"line":14,"column":0},"end":{"line":18,"column":null}}]},"1":{"loc":{"start":{"line":14,"column":4},"end":{"line":14,"column":23}},"type":"binary-expr","locations":[{"start":{"line":14,"column":4},"end":{"line":14,"column":23}},{"start":{"line":14,"column":23},"end":{"line":14,"column":45}}]}},"s":{"0":1,"1":1,"2":1,"3":1,"4":0,"5":1,"6":1},"f":{},"b":{"0":[0,1],"1":[1,0]}}
,"/Users/tomaszpluskiewicz/projects/zazuko/data-cube-curation/api/lib/storage/local.ts": {"path":"/Users/tomaszpluskiewicz/projects/zazuko/data-cube-curation/api/lib/storage/local.ts","statementMap":{"0":{"start":{"line":1,"column":0},"end":{"line":1,"column":null}},"1":{"start":{"line":2,"column":0},"end":{"line":2,"column":null}},"2":{"start":{"line":5,"column":2},"end":{"line":5,"column":8}},"3":{"start":{"line":7,"column":2},"end":{"line":7,"column":9}},"4":{"start":{"line":4,"column":0},"end":{"line":4,"column":7}},"5":{"start":{"line":11,"column":2},"end":{"line":11,"column":9}},"6":{"start":{"line":10,"column":0},"end":{"line":10,"column":7}},"7":{"start":{"line":15,"column":2},"end":{"line":17,"column":null}},"8":{"start":{"line":16,"column":4},"end":{"line":16,"column":11}},"9":{"start":{"line":19,"column":2},"end":{"line":19,"column":9}},"10":{"start":{"line":14,"column":0},"end":{"line":14,"column":16}}},"fnMap":{"0":{"name":"saveFile","decl":{"start":{"line":4,"column":22},"end":{"line":4,"column":32}},"loc":{"start":{"line":4,"column":62},"end":{"line":8,"column":null}}},"1":{"name":"deleteFile","decl":{"start":{"line":10,"column":22},"end":{"line":10,"column":34}},"loc":{"start":{"line":10,"column":46},"end":{"line":12,"column":null}}},"2":{"name":"loadFile","decl":{"start":{"line":14,"column":16},"end":{"line":14,"column":26}},"loc":{"start":{"line":14,"column":38},"end":{"line":20,"column":null}}}},"branchMap":{"0":{"loc":{"start":{"line":15,"column":2},"end":{"line":17,"column":null}},"type":"if","locations":[{"start":{"line":15,"column":2},"end":{"line":17,"column":null}},{"start":{"line":15,"column":2},"end":{"line":17,"column":null}}]}},"s":{"0":1,"1":1,"2":0,"3":0,"4":1,"5":0,"6":1,"7":0,"8":0,"9":0,"10":1},"f":{"0":0,"1":0,"2":0},"b":{"0":[0,0]}}
,"/Users/tomaszpluskiewicz/projects/zazuko/data-cube-curation/api/lib/storage/repository.ts": {"path":"/Users/tomaszpluskiewicz/projects/zazuko/data-cube-curation/api/lib/storage/repository.ts","statementMap":{"0":{"start":{"line":4,"column":0},"end":{"line":4,"column":null}},"1":{"start":{"line":6,"column":0},"end":{"line":6,"column":9}},"2":{"start":{"line":6,"column":9},"end":{"line":6,"column":null}},"3":{"start":{"line":8,"column":21},"end":{"line":8,"column":null}},"4":{"start":{"line":11,"column":13},"end":{"line":11,"column":24}},"5":{"start":{"line":13,"column":22},"end":{"line":13,"column":null}},"6":{"start":{"line":20,"column":20},"end":{"line":20,"column":null}},"7":{"start":{"line":23,"column":13},"end":{"line":23,"column":23}},"8":{"start":{"line":25,"column":21},"end":{"line":25,"column":null}},"9":{"start":{"line":28,"column":19},"end":{"line":28,"column":null}},"10":{"start":{"line":31,"column":13},"end":{"line":31,"column":22}}},"fnMap":{},"branchMap":{},"s":{"0":4,"1":4,"2":4,"3":4,"4":4,"5":4,"6":4,"7":4,"8":4,"9":4,"10":4},"f":{},"b":{}}
,"/Users/tomaszpluskiewicz/projects/zazuko/data-cube-curation/api/lib/storage/s3.ts": {"path":"/Users/tomaszpluskiewicz/projects/zazuko/data-cube-curation/api/lib/storage/s3.ts","statementMap":{"0":{"start":{"line":1,"column":0},"end":{"line":1,"column":null}},"1":{"start":{"line":2,"column":0},"end":{"line":2,"column":null}},"2":{"start":{"line":3,"column":0},"end":{"line":3,"column":null}},"3":{"start":{"line":4,"column":0},"end":{"line":4,"column":null}},"4":{"start":{"line":5,"column":0},"end":{"line":5,"column":null}},"5":{"start":{"line":7,"column":17},"end":{"line":7,"column":21}},"6":{"start":{"line":9,"column":11},"end":{"line":9,"column":15}},"7":{"start":{"line":13,"column":25},"end":{"line":13,"column":null}},"8":{"start":{"line":18,"column":17},"end":{"line":18,"column":19}},"9":{"start":{"line":24,"column":2},"end":{"line":24,"column":9}},"10":{"start":{"line":17,"column":0},"end":{"line":17,"column":7}},"11":{"start":{"line":28,"column":2},"end":{"line":28,"column":9}},"12":{"start":{"line":27,"column":0},"end":{"line":27,"column":7}},"13":{"start":{"line":35,"column":15},"end":{"line":35,"column":23}},"14":{"start":{"line":40,"column":2},"end":{"line":46,"column":null}},"15":{"start":{"line":41,"column":21},"end":{"line":41,"column":25}},"16":{"start":{"line":42,"column":4},"end":{"line":42,"column":12}},"17":{"start":{"line":43,"column":4},"end":{"line":43,"column":12}},"18":{"start":{"line":44,"column":4},"end":{"line":44,"column":12}},"19":{"start":{"line":45,"column":4},"end":{"line":45,"column":11}},"20":{"start":{"line":48,"column":2},"end":{"line":50,"column":null}},"21":{"start":{"line":49,"column":4},"end":{"line":49,"column":11}},"22":{"start":{"line":52,"column":2},"end":{"line":52,"column":10}},"23":{"start":{"line":53,"column":2},"end":{"line":53,"column":9}},"24":{"start":{"line":34,"column":0},"end":{"line":34,"column":7}}},"fnMap":{"0":{"name":"saveFile","decl":{"start":{"line":17,"column":22},"end":{"line":17,"column":32}},"loc":{"start":{"line":17,"column":62},"end":{"line":25,"column":null}}},"1":{"name":"deleteFile","decl":{"start":{"line":27,"column":22},"end":{"line":27,"column":34}},"loc":{"start":{"line":27,"column":46},"end":{"line":32,"column":null}}},"2":{"name":"loadFile","decl":{"start":{"line":34,"column":22},"end":{"line":34,"column":32}},"loc":{"start":{"line":34,"column":44},"end":{"line":54,"column":null}}},"3":{"name":"(anonymous_4)","decl":{"start":{"line":42,"column":21},"end":{"line":42,"column":26}},"loc":{"start":{"line":42,"column":26},"end":{"line":42,"column":null}}}},"branchMap":{"0":{"loc":{"start":{"line":40,"column":2},"end":{"line":46,"column":null}},"type":"if","locations":[{"start":{"line":40,"column":2},"end":{"line":46,"column":null}},{"start":{"line":40,"column":2},"end":{"line":46,"column":null}}]},"1":{"loc":{"start":{"line":48,"column":2},"end":{"line":50,"column":null}},"type":"if","locations":[{"start":{"line":48,"column":2},"end":{"line":50,"column":null}},{"start":{"line":48,"column":2},"end":{"line":50,"column":null}}]}},"s":{"0":1,"1":1,"2":1,"3":1,"4":1,"5":1,"6":1,"7":1,"8":0,"9":0,"10":1,"11":0,"12":1,"13":0,"14":0,"15":0,"16":0,"17":0,"18":0,"19":0,"20":0,"21":0,"22":0,"23":0,"24":1},"f":{"0":0,"1":0,"2":0,"3":0},"b":{"0":[0,0],"1":[0,0]}}
,"/Users/tomaszpluskiewicz/projects/zazuko/data-cube-curation/api/lib/storage/repository/attributes.ts": {"path":"/Users/tomaszpluskiewicz/projects/zazuko/data-cube-curation/api/lib/storage/repository/attributes.ts","statementMap":{"0":{"start":{"line":1,"column":0},"end":{"line":1,"column":null}},"1":{"start":{"line":3,"column":0},"end":{"line":3,"column":null}},"2":{"start":{"line":5,"column":16},"end":{"line":5,"column":null}},"3":{"start":{"line":10,"column":14},"end":{"line":10,"column":null}},"4":{"start":{"line":13,"column":13},"end":{"line":13,"column":26}}},"fnMap":{},"branchMap":{},"s":{"0":4,"1":4,"2":4,"3":4,"4":4},"f":{},"b":{}}
,"/Users/tomaszpluskiewicz/projects/zazuko/data-cube-curation/api/lib/storage/repository/create.ts": {"path":"/Users/tomaszpluskiewicz/projects/zazuko/data-cube-curation/api/lib/storage/repository/create.ts","statementMap":{"0":{"start":{"line":2,"column":0},"end":{"line":2,"column":null}},"1":{"start":{"line":3,"column":0},"end":{"line":3,"column":null}},"2":{"start":{"line":4,"column":0},"end":{"line":4,"column":null}},"3":{"start":{"line":5,"column":0},"end":{"line":5,"column":null}},"4":{"start":{"line":6,"column":0},"end":{"line":6,"column":null}},"5":{"start":{"line":7,"column":0},"end":{"line":7,"column":null}},"6":{"start":{"line":9,"column":13},"end":{"line":9,"column":null}},"7":{"start":{"line":10,"column":36},"end":{"line":10,"column":null}},"8":{"start":{"line":11,"column":0},"end":{"line":13,"column":null}},"9":{"start":{"line":12,"column":2},"end":{"line":12,"column":16}},"10":{"start":{"line":14,"column":21},"end":{"line":14,"column":25}},"11":{"start":{"line":21,"column":16},"end":{"line":21,"column":null}},"12":{"start":{"line":29,"column":2},"end":{"line":29,"column":9}},"13":{"start":{"line":28,"column":0},"end":{"line":28,"column":16}}},"fnMap":{"0":{"name":"createRepository","decl":{"start":{"line":28,"column":16},"end":{"line":28,"column":52}},"loc":{"start":{"line":28,"column":94},"end":{"line":34,"column":null}}}},"branchMap":{"0":{"loc":{"start":{"line":11,"column":0},"end":{"line":13,"column":null}},"type":"if","locations":[{"start":{"line":11,"column":0},"end":{"line":13,"column":null}},{"start":{"line":11,"column":0},"end":{"line":13,"column":null}}]},"1":{"loc":{"start":{"line":16,"column":13},"end":{"line":16,"column":43}},"type":"binary-expr","locations":[{"start":{"line":16,"column":13},"end":{"line":16,"column":43}},{"start":{"line":16,"column":43},"end":{"line":16,"column":null}}]}},"s":{"0":4,"1":4,"2":4,"3":4,"4":4,"5":4,"6":4,"7":4,"8":4,"9":0,"10":4,"11":4,"12":16,"13":4},"f":{"0":16},"b":{"0":[0,4],"1":[4,4]}}
}
