TN:
SF:/Users/tomaszpluskiewicz/projects/zazuko/data-cube-curation/api/lib/env.ts
FN:4,(anonymous_0)
FN:10,(anonymous_1)
FNF:2
FNH:2
FNDA:9,(anonymous_0)
FNDA:65,(anonymous_1)
DA:1,10
DA:3,10
DA:5,9
DA:9,10
DA:11,65
DA:12,9
DA:15,56
DA:17,56
DA:18,0
DA:19,0
DA:22,56
DA:26,10
LF:12
LH:10
BRDA:11,0,0,9
BRDA:11,0,1,56
BRDA:17,1,0,0
BRDA:17,1,1,56
BRDA:17,2,0,56
BRDA:17,2,1,19
BRF:6
BRH:5
end_of_record
TN:
SF:/Users/tomaszpluskiewicz/projects/zazuko/data-cube-curation/api/lib/log.ts
FNF:0
FNH:0
DA:1,11
DA:3,11
DA:4,11
DA:5,11
LF:4
LH:4
BRF:0
BRH:0
end_of_record
TN:
SF:/Users/tomaszpluskiewicz/projects/zazuko/data-cube-curation/api/lib/namespaces.ts
FNF:0
FNH:0
DA:1,13
DA:2,13
DA:4,13
DA:6,13
DA:7,13
DA:8,13
DA:9,13
DA:10,13
DA:11,13
DA:12,13
DA:13,13
DA:14,13
DA:15,13
DA:16,13
LF:14
LH:14
BRF:0
BRH:0
end_of_record
TN:
SF:/Users/tomaszpluskiewicz/projects/zazuko/data-cube-curation/api/lib/__tests-helpers__/index.ts
FN:9,parseGraph
FN:10,(anonymous_2)
FN:23,fakeDomainEventEmitter
FN:25,(anonymous_4)
FNF:4
FNH:4
FNDA:15,parseGraph
FNDA:17,(anonymous_2)
FNDA:14,fakeDomainEventEmitter
FNDA:21,(anonymous_4)
DA:1,6
DA:2,6
DA:3,6
DA:4,6
DA:7,6
DA:9,6
DA:10,15
DA:11,17
DA:12,17
DA:19,17
DA:23,6
DA:24,14
DA:25,21
LF:13
LH:13
BRDA:23,0,0,1
BRF:1
BRH:1
end_of_record
TN:
SF:/Users/tomaszpluskiewicz/projects/zazuko/data-cube-curation/api/lib/domain/error-helper.ts
FN:3,errorFactory
FN:5,(anonymous_1)
FNF:2
FNH:2
FNDA:36,errorFactory
FNDA:17,(anonymous_1)
DA:1,8
DA:3,8
DA:4,36
DA:6,17
LF:4
LH:4
BRF:0
BRH:0
end_of_record
TN:
SF:/Users/tomaszpluskiewicz/projects/zazuko/data-cube-curation/api/lib/domain/attribute/events.ts
FNF:0
FNH:0
DA:1,2
DA:26,2
LF:2
LH:2
BRF:0
BRH:0
end_of_record
TN:
SF:/Users/tomaszpluskiewicz/projects/zazuko/data-cube-curation/api/lib/domain/project/archiveProject.ts
FN:5,(anonymous_0)
FNF:1
FNH:0
FNDA:0,(anonymous_0)
DA:1,2
DA:5,2
DA:6,0
DA:7,0
DA:10,0
LF:5
LH:2
BRDA:6,0,0,0
BRDA:6,0,1,0
BRF:2
BRH:0
end_of_record
TN:
SF:/Users/tomaszpluskiewicz/projects/zazuko/data-cube-curation/api/lib/domain/project/baseUri.ts
FN:4,(anonymous_1)
FN:6,(anonymous_2)
FNF:2
FNH:2
FNDA:2,(anonymous_1)
FNDA:14,(anonymous_2)
DA:1,5
DA:2,5
DA:4,5
DA:6,5
DA:7,14
DA:8,12
DA:9,12
DA:13,2
LF:8
LH:8
BRDA:7,0,0,12
BRDA:7,0,1,2
BRF:2
BRH:2
end_of_record
TN:
SF:/Users/tomaszpluskiewicz/projects/zazuko/data-cube-curation/api/lib/domain/project/createDimensionTable.ts
FN:16,(anonymous_1)
FNF:1
FNH:1
FNDA:6,(anonymous_1)
DA:1,3
DA:2,3
DA:5,3
DA:8,3
DA:9,3
DA:16,3
DA:17,6
DA:18,6
DA:19,1
DA:21,5
DA:22,0
DA:24,5
DA:25,1
DA:28,4
DA:29,4
DA:30,1
DA:33,3
DA:35,3
DA:44,3
DA:46,3
LF:20
LH:19
BRDA:18,0,0,1
BRDA:18,0,1,5
BRDA:21,1,0,0
BRDA:21,1,1,5
BRDA:24,2,0,1
BRDA:24,2,1,4
BRDA:29,3,0,1
BRDA:29,3,1,3
BRF:8
BRH:7
end_of_record
TN:
SF:/Users/tomaszpluskiewicz/projects/zazuko/data-cube-curation/api/lib/domain/project/createFactTable.ts
FN:13,(anonymous_0)
FN:20,(anonymous_1)
FNF:2
FNH:0
FNDA:0,(anonymous_0)
FNDA:0,(anonymous_1)
DA:1,2
DA:4,2
DA:5,2
DA:13,2
DA:14,0
DA:16,0
DA:17,0
DA:20,0
DA:21,0
DA:22,0
DA:24,0
DA:25,0
DA:28,0
DA:34,0
LF:14
LH:4
BRDA:16,0,0,0
BRDA:16,0,1,0
BRDA:21,1,0,0
BRDA:21,1,1,0
BRDA:24,2,0,0
BRDA:24,2,1,0
BRF:6
BRH:0
end_of_record
TN:
SF:/Users/tomaszpluskiewicz/projects/zazuko/data-cube-curation/api/lib/domain/project/createProject.ts
FN:15,(anonymous_1)
FNF:1
FNH:1
FNDA:4,(anonymous_1)
DA:1,3
DA:2,3
DA:5,3
DA:15,3
DA:16,4
DA:17,1
DA:20,3
DA:21,3
DA:22,3
DA:29,3
LF:10
LH:10
BRDA:16,0,0,1
BRDA:16,0,1,3
BRDA:16,1,0,4
BRDA:16,1,1,4
BRDA:20,2,0,3
BRDA:20,2,1,2
BRDA:21,3,0,3
BRDA:21,3,1,3
BRDA:30,4,0,3
BRDA:30,4,1,2
BRF:10
BRH:10
end_of_record
TN:
SF:/Users/tomaszpluskiewicz/projects/zazuko/data-cube-curation/api/lib/domain/project/createSource.ts
FN:20,valueOrDefault
FN:28,(anonymous_2)
FN:29,(anonymous_3)
FNF:3
FNH:2
FNDA:0,valueOrDefault
FNDA:3,(anonymous_2)
FNDA:9,(anonymous_3)
DA:1,3
DA:2,3
DA:3,3
DA:21,0
DA:22,0
DA:25,0
DA:28,3
DA:29,9
DA:30,3
DA:33,0
DA:35,0
DA:36,0
DA:38,0
DA:47,0
LF:14
LH:6
BRDA:21,0,0,0
BRDA:21,0,1,0
BRDA:29,1,0,3
BRDA:29,1,1,0
BRDA:29,2,0,9
BRDA:29,2,1,7
BRF:6
BRH:3
end_of_record
TN:
SF:/Users/tomaszpluskiewicz/projects/zazuko/data-cube-curation/api/lib/domain/project/events.ts
FNF:0
FNH:0
DA:1,2
DA:33,2
LF:2
LH:2
BRF:0
BRH:0
end_of_record
TN:
SF:/Users/tomaszpluskiewicz/projects/zazuko/data-cube-curation/api/lib/domain/project/index.ts
FNF:0
FNH:0
DA:3,2
DA:4,2
DA:5,2
DA:16,2
DA:17,2
DA:18,2
DA:19,2
LF:7
LH:7
BRF:0
BRH:0
end_of_record
TN:
SF:/Users/tomaszpluskiewicz/projects/zazuko/data-cube-curation/api/lib/domain/project/unselectFactTable.ts
FN:5,(anonymous_0)
FNF:1
FNH:0
FNDA:0,(anonymous_0)
DA:1,2
DA:5,2
DA:6,0
DA:7,0
DA:10,0
DA:14,0
LF:6
LH:2
BRDA:6,0,0,0
BRDA:6,0,1,0
BRF:2
BRH:0
end_of_record
TN:
SF:/Users/tomaszpluskiewicz/projects/zazuko/data-cube-curation/api/lib/domain/project/updateProject.ts
FN:14,(anonymous_0)
FNF:1
FNH:1
FNDA:8,(anonymous_0)
DA:1,3
DA:4,3
DA:5,3
DA:14,3
DA:15,8
DA:17,8
DA:18,1
DA:21,7
DA:22,1
DA:25,6
DA:26,6
DA:27,6
DA:29,6
DA:30,3
DA:34,6
DA:35,3
DA:39,6
DA:40,1
DA:44,6
DA:45,5
DA:50,6
LF:21
LH:21
BRDA:17,0,0,1
BRDA:17,0,1,7
BRDA:17,1,0,8
BRDA:17,1,1,7
BRDA:21,2,0,1
BRDA:21,2,1,6
BRDA:21,3,0,7
BRDA:21,3,1,6
BRDA:26,4,0,6
BRDA:26,4,1,6
BRDA:27,5,0,6
BRDA:27,5,1,5
BRDA:29,6,0,3
BRDA:29,6,1,3
BRDA:34,7,0,3
BRDA:34,7,1,3
BRDA:39,8,0,1
BRDA:39,8,1,5
BRDA:44,9,0,5
BRDA:44,9,1,1
BRF:20
BRH:20
end_of_record
TN:
SF:/Users/tomaszpluskiewicz/projects/zazuko/data-cube-curation/api/lib/domain/source/events.ts
FNF:0
FNH:0
DA:1,1
DA:26,1
LF:2
LH:2
BRF:0
BRH:0
end_of_record
TN:
SF:/Users/tomaszpluskiewicz/projects/zazuko/data-cube-curation/api/lib/domain/source/index.ts
FNF:0
FNH:0
DA:16,4
LF:1
LH:1
BRF:0
BRH:0
end_of_record
TN:
SF:/Users/tomaszpluskiewicz/projects/zazuko/data-cube-curation/api/lib/domain/table/addReferenceAttribute.spec-graphs.ts
FN:3,(anonymous_0)
FN:8,(anonymous_1)
FNF:2
FNH:2
FNDA:8,(anonymous_0)
FNDA:8,(anonymous_1)
DA:1,1
DA:3,8
DA:8,8
LF:3
LH:3
BRF:0
BRH:0
end_of_record
TN:
SF:/Users/tomaszpluskiewicz/projects/zazuko/data-cube-curation/api/lib/domain/table/addReferenceAttribute.ts
FN:26,validateColumns
FN:27,(anonymous_2)
FN:32,(anonymous_3)
FN:34,(anonymous_4)
FN:46,validateSourceColumns
FN:47,(anonymous_6)
FN:50,validateReferencedColumns
FN:51,(anonymous_8)
FN:57,(anonymous_9)
FN:58,(anonymous_10)
FN:66,(anonymous_11)
FN:104,(anonymous_12)
FNF:12
FNH:12
FNDA:10,validateColumns
FNDA:10,(anonymous_2)
FNDA:8,(anonymous_3)
FNDA:10,(anonymous_4)
FNDA:5,validateSourceColumns
FNDA:5,(anonymous_6)
FNDA:5,validateReferencedColumns
FNDA:5,(anonymous_8)
FNDA:6,(anonymous_9)
FNDA:6,(anonymous_10)
FNDA:9,(anonymous_11)
FNDA:2,(anonymous_12)
DA:1,1
DA:2,1
DA:4,1
DA:7,1
DA:9,1
DA:10,1
DA:11,1
DA:12,1
DA:13,1
DA:27,10
DA:28,10
DA:29,10
DA:32,8
DA:34,10
DA:35,10
DA:37,10
DA:38,2
DA:42,10
DA:47,5
DA:51,5
DA:53,5
DA:54,5
DA:55,5
DA:57,5
DA:58,6
DA:59,1
DA:63,5
DA:66,1
DA:67,9
DA:68,9
DA:69,1
DA:72,8
DA:73,2
DA:76,6
DA:77,6
DA:78,1
DA:81,5
DA:82,5
DA:84,5
DA:85,5
DA:86,5
DA:87,5
DA:88,3
DA:91,2
DA:98,2
DA:104,2
LF:46
LH:46
BRDA:37,0,0,2
BRDA:37,0,1,8
BRDA:55,1,0,0
BRDA:55,1,1,5
BRDA:58,2,0,1
BRDA:58,2,1,5
BRDA:68,3,0,1
BRDA:68,3,1,8
BRDA:72,4,0,2
BRDA:72,4,1,6
BRDA:77,5,0,1
BRDA:77,5,1,5
BRDA:87,6,0,3
BRDA:87,6,1,2
BRDA:87,7,0,5
BRDA:87,7,1,4
BRF:16
BRH:15
end_of_record
TN:
SF:/Users/tomaszpluskiewicz/projects/zazuko/data-cube-curation/api/lib/domain/table/addValueAttribute.ts
FN:22,(anonymous_1)
FNF:1
FNH:1
FNDA:7,(anonymous_1)
DA:1,1
DA:2,1
DA:6,1
DA:7,1
DA:8,1
DA:22,1
DA:23,7
DA:25,7
DA:26,1
DA:28,6
DA:29,1
DA:31,5
DA:32,1
DA:34,4
DA:35,0
DA:38,4
DA:40,4
DA:52,4
DA:69,4
LF:19
LH:18
BRDA:25,0,0,1
BRDA:25,0,1,6
BRDA:28,1,0,1
BRDA:28,1,1,5
BRDA:31,2,0,1
BRDA:31,2,1,4
BRDA:31,3,0,5
BRDA:31,3,1,3
BRDA:34,4,0,0
BRDA:34,4,1,4
BRDA:44,5,0,4
BRDA:44,5,1,2
BRDA:48,6,0,2
BRDA:48,6,1,2
BRDA:48,7,0,4
BRDA:48,7,1,4
BRDA:58,8,0,4
BRDA:58,8,1,2
BRDA:65,9,0,2
BRDA:65,9,1,2
BRDA:65,10,0,4
BRDA:65,10,1,4
BRF:22
BRH:21
end_of_record
TN:
SF:/Users/tomaszpluskiewicz/projects/zazuko/data-cube-curation/api/lib/domain/table/events.ts
FNF:0
FNH:0
DA:1,4
DA:28,4
LF:2
LH:2
BRF:0
BRH:0
end_of_record
TN:
SF:/Users/tomaszpluskiewicz/projects/zazuko/data-cube-curation/api/lib/domain/table/identifierTemplate.ts
FN:12,extractColumns
FN:31,(anonymous_2)
FNF:2
FNH:2
FNDA:4,extractColumns
FNDA:5,(anonymous_2)
DA:1,4
DA:3,4
DA:4,4
DA:5,4
DA:12,4
DA:13,4
DA:14,0
DA:18,4
DA:19,4
DA:21,1
DA:24,3
DA:28,3
DA:29,3
DA:31,3
DA:32,5
DA:33,5
DA:34,1
DA:35,1
DA:38,4
DA:47,3
DA:48,1
DA:51,2
LF:22
LH:21
BRDA:13,0,0,0
BRDA:13,0,1,4
BRDA:25,1,0,3
BRDA:25,1,1,0
BRDA:33,2,0,1
BRDA:33,2,1,4
BRDA:47,3,0,1
BRDA:47,3,1,2
BRF:8
BRH:6
end_of_record
TN:
SF:/Users/tomaszpluskiewicz/projects/zazuko/data-cube-curation/api/lib/domain/table/index.ts
FN:28,(anonymous_1)
FNF:1
FNH:1
FNDA:1,(anonymous_1)
DA:1,1
DA:2,1
DA:5,1
DA:28,1
DA:29,1
DA:31,1
DA:38,1
LF:7
LH:7
BRF:0
BRH:0
end_of_record
TN:
SF:/Users/tomaszpluskiewicz/projects/zazuko/data-cube-curation/api/lib/domain/table/update.ts
FN:11,(anonymous_0)
FNF:1
FNH:1
FNDA:6,(anonymous_0)
DA:1,2
DA:4,2
DA:11,2
DA:12,6
DA:14,6
DA:15,6
DA:16,1
DA:18,5
DA:19,1
DA:22,4
DA:23,3
DA:24,3
DA:25,3
DA:30,4
DA:31,2
DA:32,2
DA:37,4
LF:17
LH:17
BRDA:15,0,0,1
BRDA:15,0,1,5
BRDA:15,1,0,6
BRDA:15,1,1,2
BRDA:18,2,0,1
BRDA:18,2,1,4
BRDA:22,3,0,3
BRDA:22,3,1,1
BRDA:23,4,0,3
BRDA:23,4,1,0
BRDA:30,5,0,2
BRDA:30,5,1,2
BRF:12
BRH:11
end_of_record
TN:
SF:/Users/tomaszpluskiewicz/projects/zazuko/data-cube-curation/api/lib/handlers/store-source.ts
FN:7,storeSample
FN:8,(anonymous_2)
FN:8,(anonymous_3)
FN:13,deleteSampleCsv
FNF:4
FNH:3
FNDA:1,storeSample
FNDA:3,(anonymous_2)
FNDA:6,(anonymous_3)
FNDA:0,deleteSampleCsv
DA:1,1
DA:2,1
DA:3,1
DA:4,1
DA:5,1
DA:7,1
DA:8,6
DA:10,1
DA:13,1
DA:14,0
DA:15,0
LF:11
LH:9
BRDA:14,0,0,0
BRDA:14,0,1,0
BRF:2
BRH:0
end_of_record
TN:
SF:/Users/tomaszpluskiewicz/projects/zazuko/data-cube-curation/api/lib/read-graphs/attribute.ts
FN:7,getTableAttributes
FN:72,getSingleAttribute
FNF:2
FNH:0
FNDA:0,getTableAttributes
FNDA:0,getSingleAttribute
DA:1,2
DA:2,2
DA:3,2
DA:4,2
DA:5,2
DA:7,2
DA:8,0
DA:10,0
DA:40,0
DA:50,0
DA:69,0
DA:72,2
DA:73,0
DA:75,0
DA:93,0
DA:94,0
DA:97,0
LF:17
LH:7
BRDA:93,0,0,0
BRDA:93,0,1,0
BRF:2
BRH:0
end_of_record
TN:
SF:/Users/tomaszpluskiewicz/projects/zazuko/data-cube-curation/api/lib/read-graphs/project.ts
FN:14,(anonymous_1)
FN:41,(anonymous_2)
FN:51,(anonymous_3)
FN:63,(anonymous_4)
FN:75,(anonymous_5)
FN:87,(anonymous_6)
FN:92,initialiseFactTableResource
FN:100,updateProjectEntity
FN:110,removeFactTableLink
FN:121,exists
FN:125,getProject
FN:186,(anonymous_12)
FN:201,hasSource
FNF:13
FNH:0
FNDA:0,(anonymous_1)
FNDA:0,(anonymous_2)
FNDA:0,(anonymous_3)
FNDA:0,(anonymous_4)
FNDA:0,(anonymous_5)
FNDA:0,(anonymous_6)
FNDA:0,initialiseFactTableResource
FNDA:0,updateProjectEntity
FNDA:0,removeFactTableLink
FNDA:0,exists
FNDA:0,getProject
FNDA:0,(anonymous_12)
FNDA:0,hasSource
DA:1,2
DA:2,2
DA:3,2
DA:4,2
DA:5,2
DA:6,2
DA:7,2
DA:8,2
DA:9,2
DA:11,2
DA:12,2
DA:14,2
DA:15,0
DA:18,0
DA:41,2
DA:42,0
DA:51,2
DA:52,0
DA:63,2
DA:64,0
DA:75,2
DA:76,0
DA:87,2
DA:88,0
DA:92,2
DA:93,0
DA:100,2
DA:101,0
DA:102,0
DA:105,0
DA:110,2
DA:111,0
DA:121,2
DA:122,0
DA:125,2
DA:126,0
DA:181,0
DA:184,0
DA:187,0
DA:188,0
DA:191,0
DA:192,0
DA:193,0
DA:196,0
DA:201,2
DA:202,0
LF:46
LH:23
BRDA:16,0,0,0
BRDA:16,0,1,0
BRDA:15,1,0,0
BRDA:15,1,1,0
BRDA:101,2,0,0
BRDA:101,2,1,0
BRDA:192,3,0,0
BRDA:192,3,1,0
BRF:8
BRH:0
end_of_record
TN:
SF:/Users/tomaszpluskiewicz/projects/zazuko/data-cube-curation/api/lib/read-graphs/sparqlClient.ts
FN:12,getClient
FNF:1
FNH:0
FNDA:0,getClient
DA:1,8
DA:2,8
DA:3,8
DA:4,8
DA:6,8
DA:7,8
DA:8,0
DA:12,8
DA:13,0
DA:20,0
LF:10
LH:7
BRDA:7,0,0,0
BRDA:7,0,1,8
BRDA:13,1,0,0
BRDA:13,1,1,0
BRDA:15,2,0,0
BRDA:15,2,1,0
BRF:6
BRH:1
end_of_record
TN:
SF:/Users/tomaszpluskiewicz/projects/zazuko/data-cube-curation/api/lib/read-graphs/table.ts
FN:12,removeTable
FN:28,deleteAttributes
FN:33,(anonymous_3)
FN:34,(anonymous_4)
FN:43,getFactTableId
FN:52,(anonymous_6)
FN:61,existsInTableSource
FN:72,getTableSourceId
FN:87,getProjectTables
FNF:9
FNH:0
FNDA:0,removeTable
FNDA:0,deleteAttributes
FNDA:0,(anonymous_3)
FNDA:0,(anonymous_4)
FNDA:0,getFactTableId
FNDA:0,(anonymous_6)
FNDA:0,existsInTableSource
FNDA:0,getTableSourceId
FNDA:0,getProjectTables
DA:1,2
DA:2,2
DA:3,2
DA:4,2
DA:5,2
DA:6,2
DA:8,2
DA:9,2
DA:10,2
DA:12,2
DA:13,0
DA:14,0
DA:28,2
DA:29,0
DA:30,0
DA:32,0
DA:33,0
DA:35,0
DA:36,0
DA:39,0
DA:43,2
DA:44,0
DA:53,0
DA:54,0
DA:57,0
DA:61,2
DA:62,0
DA:72,2
DA:73,0
DA:80,0
DA:81,0
DA:84,0
DA:87,2
DA:88,0
DA:90,0
DA:122,0
DA:131,0
LF:37
LH:15
BRDA:13,0,0,0
BRDA:13,0,1,0
BRDA:29,1,0,0
BRDA:29,1,1,0
BRDA:53,2,0,0
BRDA:53,2,1,0
BRDA:80,3,0,0
BRDA:80,3,1,0
BRF:8
BRH:0
end_of_record
TN:
SF:/Users/tomaszpluskiewicz/projects/zazuko/data-cube-curation/api/lib/read-graphs/attribute/eventHandlers.ts
FN:11,addAttributeToReadModel
FN:20,(anonymous_2)
FN:44,deleteAttributeReadModel
FN:61,addReferenceAttributeToReadModel
FN:69,(anonymous_5)
FNF:5
FNH:0
FNDA:0,addAttributeToReadModel
FNDA:0,(anonymous_2)
FNDA:0,deleteAttributeReadModel
FNDA:0,addReferenceAttributeToReadModel
FNDA:0,(anonymous_5)
DA:1,2
DA:2,2
DA:3,2
DA:4,2
DA:5,2
DA:6,2
DA:7,2
DA:9,2
DA:11,2
DA:12,0
DA:20,0
DA:21,0
DA:22,0
DA:26,0
DA:27,0
DA:30,0
DA:31,0
DA:32,0
DA:33,0
DA:36,0
DA:44,2
DA:45,0
DA:46,0
DA:61,2
DA:62,0
DA:69,0
DA:70,0
DA:78,0
LF:28
LH:11
BRDA:21,0,0,0
BRDA:21,0,1,0
BRDA:26,1,0,0
BRDA:26,1,1,0
BRDA:30,2,0,0
BRDA:30,2,1,0
BRDA:32,3,0,0
BRDA:32,3,1,0
BRDA:45,4,0,0
BRDA:45,4,1,0
BRF:10
BRH:0
end_of_record
TN:
SF:/Users/tomaszpluskiewicz/projects/zazuko/data-cube-curation/api/lib/read-graphs/source/getSourceColumns.ts
FN:7,getSourceColumns
FN:57,(anonymous_2)
FN:65,(anonymous_3)
FN:66,(anonymous_4)
FNF:4
FNH:0
FNDA:0,getSourceColumns
FNDA:0,(anonymous_2)
FNDA:0,(anonymous_3)
FNDA:0,(anonymous_4)
DA:1,4
DA:2,4
DA:3,4
DA:4,4
DA:5,4
DA:7,4
DA:8,0
DA:9,0
DA:52,0
DA:53,0
DA:55,0
DA:58,0
DA:60,0
DA:65,0
DA:66,0
DA:69,0
DA:71,0
LF:17
LH:6
BRDA:62,0,0,0
BRDA:62,0,1,0
BRF:2
BRH:0
end_of_record
TN:
SF:/Users/tomaszpluskiewicz/projects/zazuko/data-cube-curation/api/lib/read-graphs/table/dimensionTable.ts
FN:5,getIdentifierTemplate
FNF:1
FNH:0
FNDA:0,getIdentifierTemplate
DA:1,1
DA:2,1
DA:3,1
DA:5,1
DA:6,0
DA:15,0
DA:16,0
DA:18,0
DA:19,0
DA:20,0
DA:23,0
DA:26,0
LF:12
LH:4
BRDA:5,0,0,0
BRDA:15,1,0,0
BRDA:15,1,1,0
BRDA:18,2,0,0
BRDA:18,2,1,0
BRDA:19,3,0,0
BRDA:19,3,1,0
BRF:7
BRH:0
end_of_record
TN:
SF:/Users/tomaszpluskiewicz/projects/zazuko/data-cube-curation/api/lib/read-graphs/table/eventHandlers.ts
FN:8,addTableLinks
FN:28,createTable
FN:29,(anonymous_3)
FN:55,updateTemplate
FN:71,updateName
FNF:5
FNH:1
FNDA:0,addTableLinks
FNDA:4,createTable
FNDA:0,(anonymous_3)
FNDA:0,updateTemplate
FNDA:0,updateName
DA:2,2
DA:3,2
DA:4,2
DA:5,2
DA:9,0
DA:25,2
DA:26,2
DA:29,4
DA:30,0
DA:38,0
DA:39,0
DA:42,0
DA:51,2
DA:53,2
DA:55,2
DA:56,0
DA:71,2
DA:72,0
LF:18
LH:11
BRDA:38,0,0,0
BRDA:38,0,1,0
BRF:2
BRH:0
end_of_record
TN:
SF:/Users/tomaszpluskiewicz/projects/zazuko/data-cube-curation/api/lib/services/csvwBuilder.spec-graphs.ts
FNF:0
FNH:0
DA:1,1
DA:3,1
DA:8,1
DA:22,1
DA:32,1
DA:48,1
DA:58,1
DA:64,1
DA:70,1
DA:117,1
DA:118,1
DA:119,1
DA:120,1
DA:121,1
DA:122,1
LF:15
LH:15
BRF:0
BRH:0
end_of_record
TN:
SF:/Users/tomaszpluskiewicz/projects/zazuko/data-cube-curation/api/lib/services/csvwBuilder.ts
FN:22,createCsvwColumn
FN:51,buildCsvw
FN:80,(anonymous_3)
FN:90,(anonymous_4)
FN:91,(anonymous_5)
FNF:5
FNH:5
FNDA:17,createCsvwColumn
FNDA:18,buildCsvw
FNDA:17,(anonymous_3)
FNDA:8,(anonymous_4)
FNDA:7,(anonymous_5)
DA:1,1
DA:4,1
DA:5,1
DA:6,1
DA:8,1
DA:9,1
DA:10,1
DA:12,1
DA:13,1
DA:14,1
DA:15,1
DA:16,1
DA:20,1
DA:23,17
DA:25,17
DA:26,16
DA:30,16
DA:33,17
DA:34,1
DA:35,1
DA:39,1
DA:42,17
DA:43,17
DA:44,17
DA:47,0
DA:48,0
DA:51,1
DA:53,18
DA:54,6
DA:59,12
DA:62,18
DA:67,18
DA:68,18
DA:69,9
DA:71,9
DA:73,18
DA:74,18
DA:75,18
DA:76,0
DA:79,18
DA:80,18
DA:81,17
DA:83,17
DA:84,17
DA:87,17
DA:90,18
DA:91,8
DA:92,2
DA:95,2
DA:97,2
DA:100,8
DA:103,18
DA:104,18
DA:105,7
DA:106,7
DA:107,7
DA:108,7
DA:109,7
DA:112,18
DA:114,18
LF:60
LH:57
BRDA:25,0,0,16
BRDA:25,0,1,1
BRDA:33,1,0,1
BRDA:33,1,1,16
BRDA:42,2,0,17
BRDA:42,2,1,0
BRDA:53,3,0,6
BRDA:53,3,1,12
BRDA:68,4,0,9
BRDA:68,4,1,9
BRDA:75,5,0,0
BRDA:75,5,1,18
BRDA:83,6,0,17
BRDA:83,6,1,0
BRDA:91,7,0,2
BRDA:91,7,1,6
BRDA:104,8,0,7
BRDA:104,8,1,11
BRF:18
BRH:15
end_of_record
TN:
SF:/Users/tomaszpluskiewicz/projects/zazuko/data-cube-curation/api/lib/services/sourceSamples.ts
FN:10,loadSourceSample
FN:15,loadSampleRows
FN:23,(anonymous_3)
FN:30,(anonymous_4)
FN:42,(anonymous_5)
FNF:5
FNH:0
FNDA:0,loadSourceSample
FNDA:0,loadSampleRows
FNDA:0,(anonymous_3)
FNDA:0,(anonymous_4)
FNDA:0,(anonymous_5)
DA:1,1
DA:2,1
DA:3,1
DA:5,1
DA:10,1
DA:11,0
DA:12,0
DA:15,1
DA:16,0
DA:17,0
DA:19,0
DA:20,0
DA:23,0
DA:24,0
DA:30,0
DA:32,0
DA:33,0
DA:34,0
DA:35,0
DA:37,0
DA:42,0
DA:43,0
DA:46,0
LF:23
LH:6
BRDA:19,0,0,0
BRDA:19,0,1,0
BRDA:34,1,0,0
BRDA:34,1,1,0
BRF:4
BRH:0
end_of_record
TN:
SF:/Users/tomaszpluskiewicz/projects/zazuko/data-cube-curation/api/lib/services/csvwBuilder/referenceAttribute.ts
FN:6,referenceAttributeToCsvwColumn
FN:10,(anonymous_1)
FN:21,(anonymous_2)
FNF:3
FNH:3
FNDA:1,referenceAttributeToCsvwColumn
FNDA:2,(anonymous_1)
FNDA:2,(anonymous_2)
DA:2,1
DA:4,1
DA:6,1
DA:7,1
DA:9,1
DA:11,2
DA:12,2
DA:14,2
DA:16,2
DA:19,1
DA:20,1
DA:21,1
DA:22,2
DA:23,0
DA:27,1
DA:30,1
DA:31,1
LF:17
LH:16
BRDA:19,0,0,1
BRDA:19,0,1,0
BRDA:22,1,0,0
BRDA:22,1,1,2
BRF:4
BRH:2
end_of_record
TN:
SF:/Users/tomaszpluskiewicz/projects/zazuko/data-cube-curation/api/lib/services/csvwBuilder/valueAttribute.ts
FN:10,getBuiltInDatatypeName
FN:41,valueAttributeToCsvwColumn
FN:55,(anonymous_2)
FNF:3
FNH:3
FNDA:12,getBuiltInDatatypeName
FNDA:16,valueAttributeToCsvwColumn
FNDA:8,(anonymous_2)
DA:2,1
DA:3,1
DA:6,1
DA:8,1
DA:11,12
DA:13,1
DA:15,1
DA:17,1
DA:20,9
DA:21,9
DA:23,9
DA:24,0
DA:27,9
DA:29,2
DA:31,1
DA:33,1
DA:35,1
DA:38,4
DA:41,1
DA:42,16
DA:44,16
DA:45,2
DA:46,14
DA:47,12
DA:48,12
DA:50,12
DA:51,8
DA:52,8
DA:54,8
DA:56,8
DA:59,8
DA:61,4
DA:65,16
LF:33
LH:32
BRDA:12,0,0,1
BRDA:12,0,1,1
BRDA:12,0,2,1
BRDA:23,1,0,0
BRDA:23,1,1,9
BRDA:28,2,0,2
BRDA:28,2,1,1
BRDA:28,2,2,1
BRDA:28,2,3,1
BRDA:44,3,0,2
BRDA:44,3,1,14
BRDA:46,4,0,12
BRDA:46,4,1,2
BRDA:48,5,0,12
BRDA:48,5,1,10
BRDA:50,6,0,8
BRDA:50,6,1,4
BRDA:50,7,0,12
BRDA:50,7,1,12
BRF:19
BRH:18
end_of_record
TN:
SF:/Users/tomaszpluskiewicz/projects/zazuko/data-cube-curation/api/lib/services/gitLab/trigger.ts
FN:11,triggerPipeline
FNF:1
FNH:1
FNDA:4,triggerPipeline
DA:1,1
DA:2,1
DA:4,1
DA:11,1
DA:12,4
DA:13,4
DA:15,4
DA:16,1
DA:19,3
DA:20,1
DA:23,2
DA:37,2
LF:12
LH:12
BRDA:11,0,0,0
BRDA:12,1,0,4
BRDA:12,1,1,3
BRDA:13,2,0,4
BRDA:13,2,1,3
BRDA:15,3,0,1
BRDA:15,3,1,3
BRDA:19,4,0,1
BRDA:19,4,1,2
BRDA:25,5,0,2
BRDA:25,5,1,0
BRF:11
BRH:9
end_of_record
TN:
SF:/Users/tomaszpluskiewicz/projects/zazuko/data-cube-curation/api/lib/sparql/AskBuilder.ts
FN:4,(anonymous_0)
FN:7,(anonymous_1)
FN:11,(anonymous_2)
FN:16,(anonymous_3)
FN:22,(anonymous_4)
FNF:5
FNH:0
FNDA:0,(anonymous_0)
FNDA:0,(anonymous_1)
FNDA:0,(anonymous_2)
FNDA:0,(anonymous_3)
FNDA:0,(anonymous_4)
DA:2,8
DA:4,8
DA:5,0
DA:8,0
DA:12,0
DA:13,0
DA:17,0
DA:19,0
DA:23,0
LF:9
LH:2
BRF:0
BRH:0
end_of_record
TN:
SF:/Users/tomaszpluskiewicz/projects/zazuko/data-cube-curation/api/lib/sparql/Builder.ts
FN:10,buildPrefixes
FN:12,(anonymous_2)
FN:15,(anonymous_3)
FN:19,(anonymous_4)
FN:25,(anonymous_5)
FN:30,(anonymous_6)
FN:38,(anonymous_7)
FN:62,(anonymous_8)
FN:63,assertSuccessfulResponse
FNF:9
FNH:0
FNDA:0,buildPrefixes
FNDA:0,(anonymous_2)
FNDA:0,(anonymous_3)
FNDA:0,(anonymous_4)
FNDA:0,(anonymous_5)
FNDA:0,(anonymous_6)
FNDA:0,(anonymous_7)
FNDA:0,(anonymous_8)
FNDA:0,assertSuccessfulResponse
DA:3,8
DA:4,8
DA:5,8
DA:7,8
DA:8,8
DA:11,0
DA:12,0
DA:15,8
DA:16,0
DA:20,0
DA:22,0
DA:26,0
DA:27,0
DA:31,0
DA:39,0
DA:41,0
DA:43,0
DA:44,0
DA:51,0
DA:63,0
DA:64,0
DA:65,0
DA:68,0
DA:69,0
LF:24
LH:6
BRDA:43,0,0,0
BRDA:43,0,1,0
BRDA:64,1,0,0
BRDA:64,1,1,0
BRF:4
BRH:0
end_of_record
TN:
SF:/Users/tomaszpluskiewicz/projects/zazuko/data-cube-curation/api/lib/sparql/ConstructBuilder.ts
FN:4,(anonymous_0)
FN:8,(anonymous_1)
FN:14,(anonymous_2)
FN:20,(anonymous_3)
FN:24,(anonymous_4)
FN:28,(anonymous_5)
FNF:6
FNH:0
FNDA:0,(anonymous_0)
FNDA:0,(anonymous_1)
FNDA:0,(anonymous_2)
FNDA:0,(anonymous_3)
FNDA:0,(anonymous_4)
FNDA:0,(anonymous_5)
DA:2,8
DA:4,8
DA:5,0
DA:6,0
DA:9,0
DA:11,0
DA:15,0
DA:17,0
DA:21,0
DA:25,0
DA:29,0
LF:11
LH:2
BRF:0
BRH:0
end_of_record
TN:
SF:/Users/tomaszpluskiewicz/projects/zazuko/data-cube-curation/api/lib/sparql/DeleteInsertBuilder.ts
FN:4,(anonymous_0)
FN:9,(anonymous_1)
FN:13,(anonymous_2)
FN:16,(anonymous_3)
FN:22,(anonymous_4)
FN:28,(anonymous_5)
FN:34,(anonymous_6)
FNF:7
FNH:0
FNDA:0,(anonymous_0)
FNDA:0,(anonymous_1)
FNDA:0,(anonymous_2)
FNDA:0,(anonymous_3)
FNDA:0,(anonymous_4)
FNDA:0,(anonymous_5)
FNDA:0,(anonymous_6)
DA:2,8
DA:4,8
DA:5,0
DA:6,0
DA:7,0
DA:10,0
DA:17,0
DA:19,0
DA:23,0
DA:25,0
DA:29,0
DA:31,0
DA:35,0
DA:36,0
DA:37,0
DA:40,0
DA:44,0
DA:48,0
LF:18
LH:2
BRDA:36,0,0,0
BRDA:36,0,1,0
BRDA:49,1,0,0
BRDA:49,1,1,0
BRDA:50,2,0,0
BRDA:50,2,1,0
BRF:6
BRH:0
end_of_record
TN:
SF:/Users/tomaszpluskiewicz/projects/zazuko/data-cube-curation/api/lib/sparql/DescribeBuilder.ts
FN:9,(anonymous_0)
FN:14,(anonymous_1)
FN:18,(anonymous_2)
FN:22,(anonymous_3)
FN:28,(anonymous_4)
FN:29,(anonymous_5)
FNF:6
FNH:0
FNDA:0,(anonymous_0)
FNDA:0,(anonymous_1)
FNDA:0,(anonymous_2)
FNDA:0,(anonymous_3)
FNDA:0,(anonymous_4)
FNDA:0,(anonymous_5)
DA:2,8
DA:5,8
DA:6,0
DA:10,0
DA:11,0
DA:15,0
DA:19,0
DA:23,0
DA:25,0
DA:29,0
DA:31,0
LF:11
LH:2
BRDA:29,0,0,0
BRDA:29,0,1,0
BRF:2
BRH:0
end_of_record
TN:
SF:/Users/tomaszpluskiewicz/projects/zazuko/data-cube-curation/api/lib/sparql/InsertDataBuilder.ts
FN:4,(anonymous_0)
FN:7,(anonymous_1)
FN:11,(anonymous_2)
FN:14,(anonymous_3)
FN:20,(anonymous_4)
FNF:5
FNH:0
FNDA:0,(anonymous_0)
FNDA:0,(anonymous_1)
FNDA:0,(anonymous_2)
FNDA:0,(anonymous_3)
FNDA:0,(anonymous_4)
DA:2,8
DA:4,8
DA:5,0
DA:8,0
DA:15,0
DA:17,0
DA:21,0
LF:7
LH:2
BRF:0
BRH:0
end_of_record
TN:
SF:/Users/tomaszpluskiewicz/projects/zazuko/data-cube-curation/api/lib/sparql/SelectBuilder.ts
FN:5,(anonymous_0)
FN:9,(anonymous_1)
FN:14,(anonymous_2)
FN:18,(anonymous_3)
FN:23,(anonymous_4)
FN:29,(anonymous_5)
FN:30,(anonymous_6)
FNF:7
FNH:0
FNDA:0,(anonymous_0)
FNDA:0,(anonymous_1)
FNDA:0,(anonymous_2)
FNDA:0,(anonymous_3)
FNDA:0,(anonymous_4)
FNDA:0,(anonymous_5)
FNDA:0,(anonymous_6)
DA:3,8
DA:5,8
DA:6,0
DA:7,0
DA:10,0
DA:11,0
DA:15,0
DA:19,0
DA:20,0
DA:24,0
DA:26,0
DA:30,0
DA:32,0
LF:13
LH:2
BRDA:33,0,0,0
BRDA:33,0,1,0
BRF:2
BRH:0
end_of_record
TN:
SF:/Users/tomaszpluskiewicz/projects/zazuko/data-cube-curation/api/lib/sparql/authentication.ts
FNF:0
FNH:0
DA:1,8
DA:4,8
DA:5,0
DA:6,0
DA:8,0
DA:11,8
LF:6
LH:3
BRDA:4,0,0,0
BRDA:4,0,1,8
BRDA:4,1,0,8
BRDA:4,1,1,0
BRF:4
BRH:2
end_of_record
TN:
SF:/Users/tomaszpluskiewicz/projects/zazuko/data-cube-curation/api/lib/sparql/index.ts
FN:8,construct
FN:12,select
FN:16,ask
FN:20,insertData
FN:24,deleteInsert
FN:28,describe
FNF:6
FNH:0
FNDA:0,construct
FNDA:0,select
FNDA:0,ask
FNDA:0,insertData
FNDA:0,deleteInsert
FNDA:0,describe
DA:1,8
DA:2,8
DA:3,8
DA:4,8
DA:5,8
DA:6,8
DA:8,8
DA:9,0
DA:12,8
DA:13,0
DA:16,8
DA:17,0
DA:20,8
DA:21,0
DA:24,8
DA:25,0
DA:28,8
DA:29,0
LF:18
LH:12
BRF:0
BRH:0
end_of_record
TN:
SF:/Users/tomaszpluskiewicz/projects/zazuko/data-cube-curation/api/lib/storage/index.ts
FNF:0
FNH:0
DA:1,1
DA:2,1
DA:4,1
DA:14,1
DA:15,0
DA:17,1
DA:20,1
LF:7
LH:6
BRDA:14,0,0,0
BRDA:14,0,1,1
BRDA:14,1,0,1
BRDA:14,1,1,0
BRF:4
BRH:2
end_of_record
TN:
SF:/Users/tomaszpluskiewicz/projects/zazuko/data-cube-curation/api/lib/storage/local.ts
FN:4,saveFile
FN:10,deleteFile
FN:14,loadFile
FNF:3
FNH:0
FNDA:0,saveFile
FNDA:0,deleteFile
FNDA:0,loadFile
DA:1,1
DA:2,1
DA:4,1
DA:5,0
DA:7,0
DA:10,1
DA:11,0
DA:14,1
DA:15,0
DA:16,0
DA:19,0
LF:11
LH:5
BRDA:15,0,0,0
BRDA:15,0,1,0
BRF:2
BRH:0
end_of_record
TN:
SF:/Users/tomaszpluskiewicz/projects/zazuko/data-cube-curation/api/lib/storage/repository.ts
FNF:0
FNH:0
DA:4,4
DA:6,4
DA:8,4
DA:11,4
DA:13,4
DA:20,4
DA:23,4
DA:25,4
DA:28,4
DA:31,4
LF:10
LH:10
BRF:0
BRH:0
end_of_record
TN:
SF:/Users/tomaszpluskiewicz/projects/zazuko/data-cube-curation/api/lib/storage/s3.ts
FN:17,saveFile
FN:27,deleteFile
FN:34,loadFile
FN:42,(anonymous_4)
FNF:4
FNH:0
FNDA:0,saveFile
FNDA:0,deleteFile
FNDA:0,loadFile
FNDA:0,(anonymous_4)
DA:1,1
DA:2,1
DA:3,1
DA:4,1
DA:5,1
DA:7,1
DA:9,1
DA:13,1
DA:17,1
DA:18,0
DA:24,0
DA:27,1
DA:28,0
DA:34,1
DA:35,0
DA:40,0
DA:41,0
DA:42,0
DA:43,0
DA:44,0
DA:45,0
DA:48,0
DA:49,0
DA:52,0
DA:53,0
LF:25
LH:11
BRDA:40,0,0,0
BRDA:40,0,1,0
BRDA:48,1,0,0
BRDA:48,1,1,0
BRF:4
BRH:0
end_of_record
TN:
SF:/Users/tomaszpluskiewicz/projects/zazuko/data-cube-curation/api/lib/storage/repository/attributes.ts
FNF:0
FNH:0
DA:1,4
DA:3,4
DA:5,4
DA:10,4
DA:13,4
LF:5
LH:5
BRF:0
BRH:0
end_of_record
TN:
SF:/Users/tomaszpluskiewicz/projects/zazuko/data-cube-curation/api/lib/storage/repository/create.ts
FN:28,createRepository
FNF:1
FNH:1
FNDA:16,createRepository
DA:2,4
DA:3,4
DA:4,4
DA:5,4
DA:6,4
DA:7,4
DA:9,4
DA:10,4
DA:11,4
DA:12,0
DA:14,4
DA:21,4
DA:28,4
DA:29,16
LF:14
LH:13
BRDA:11,0,0,0
BRDA:11,0,1,4
BRDA:16,1,0,4
BRDA:16,1,1,4
BRF:4
BRH:3
end_of_record
